총 1019957개의 mp4 파일을 처리합니다.
멀티프로세싱: 32개 프로세스 사용
  0%|          | 0/1019957 [00:00<?, ?it/s]  0%|          | 498/1019957 [00:00<03:32, 4794.69it/s]  0%|          | 978/1019957 [00:00<03:50, 4419.30it/s]  0%|          | 1430/1019957 [00:00<03:48, 4450.63it/s]  0%|          | 1877/1019957 [00:00<03:49, 4438.60it/s]  0%|          | 2383/1019957 [00:00<03:38, 4647.99it/s]  0%|          | 2941/1019957 [00:00<03:25, 4956.66it/s]  0%|          | 3441/1019957 [00:00<03:24, 4970.41it/s]  0%|          | 3939/1019957 [00:00<03:34, 4730.96it/s]  0%|          | 4415/1019957 [00:00<03:43, 4536.71it/s]  0%|          | 4872/1019957 [00:01<03:50, 4394.33it/s]  1%|          | 5346/1019957 [00:01<03:46, 4487.41it/s]  1%|          | 5813/1019957 [00:01<03:43, 4540.07it/s]  1%|          | 6269/1019957 [00:01<03:54, 4321.10it/s]  1%|          | 6704/1019957 [00:01<03:59, 4228.84it/s]  1%|          | 7188/1019957 [00:01<03:50, 4401.93it/s]  1%|          | 7670/1019957 [00:01<03:44, 4518.99it/s]  1%|          | 8266/1019957 [00:01<03:24, 4937.15it/s]  1%|          | 8763/1019957 [00:01<03:25, 4910.32it/s]  1%|          | 9270/1019957 [00:01<03:23, 4954.36it/s]  1%|          | 9767/1019957 [00:02<03:23, 4952.00it/s]  1%|          | 10264/1019957 [00:02<03:36, 4665.88it/s]  1%|          | 10741/1019957 [00:02<03:34, 4694.26it/s]  1%|          | 11214/1019957 [00:02<03:42, 4536.64it/s]  1%|          | 11749/1019957 [00:02<03:32, 4755.34it/s]  1%|          | 12291/1019957 [00:02<03:23, 4945.47it/s]  1%|▏         | 12789/1019957 [00:02<03:36, 4646.43it/s]  1%|▏         | 13290/1019957 [00:02<03:32, 4748.38it/s]  1%|▏         | 13793/1019957 [00:02<03:28, 4829.00it/s]  1%|▏         | 14280/1019957 [00:03<03:32, 4743.16it/s]  1%|▏         | 14757/1019957 [00:03<03:53, 4307.15it/s]  2%|▏         | 15304/1019957 [00:03<03:37, 4623.18it/s]  2%|▏         | 15776/1019957 [00:03<03:49, 4378.66it/s]  2%|▏         | 16222/1019957 [00:03<03:50, 4356.84it/s]  2%|▏         | 16736/1019957 [00:03<03:39, 4572.04it/s]  2%|▏         | 17229/1019957 [00:03<03:34, 4668.48it/s]  2%|▏         | 17701/1019957 [00:03<03:47, 4414.13it/s]  2%|▏         | 18168/1019957 [00:03<03:43, 4484.91it/s]  2%|▏         | 18621/1019957 [00:04<03:52, 4304.00it/s]  2%|▏         | 19103/1019957 [00:04<03:44, 4448.31it/s]  2%|▏         | 19552/1019957 [00:04<03:45, 4438.02it/s]  2%|▏         | 19999/1019957 [00:04<03:55, 4245.42it/s]  2%|▏         | 20483/1019957 [00:04<03:46, 4413.07it/s]  2%|▏         | 20992/1019957 [00:04<03:36, 4606.81it/s]  2%|▏         | 21515/1019957 [00:04<03:28, 4780.81it/s]  2%|▏         | 21996/1019957 [00:04<03:34, 4651.09it/s]  2%|▏         | 22508/1019957 [00:04<03:28, 4786.05it/s]  2%|▏         | 22989/1019957 [00:05<03:35, 4618.99it/s]  2%|▏         | 23516/1019957 [00:05<03:27, 4802.60it/s]  2%|▏         | 23999/1019957 [00:05<03:35, 4625.36it/s]  2%|▏         | 24484/1019957 [00:05<03:32, 4688.25it/s]  2%|▏         | 24956/1019957 [00:05<03:37, 4566.25it/s]  2%|▏         | 25418/1019957 [00:05<03:37, 4581.42it/s]  3%|▎         | 25892/1019957 [00:05<03:35, 4623.11it/s]  3%|▎         | 26356/1019957 [00:05<03:37, 4573.23it/s]  3%|▎         | 26939/1019957 [00:05<03:21, 4939.94it/s]  3%|▎         | 27435/1019957 [00:05<03:37, 4558.53it/s]  3%|▎         | 27898/1019957 [00:06<03:42, 4453.18it/s]  3%|▎         | 28372/1019957 [00:06<03:38, 4529.00it/s]  3%|▎         | 28829/1019957 [00:06<03:55, 4213.71it/s]  3%|▎         | 29383/1019957 [00:06<03:36, 4576.72it/s]  3%|▎         | 29849/1019957 [00:06<03:38, 4530.51it/s]  3%|▎         | 30396/1019957 [00:06<03:26, 4793.51it/s]  3%|▎         | 30915/1019957 [00:06<03:21, 4906.47it/s]  3%|▎         | 31410/1019957 [00:06<03:28, 4745.32it/s]  3%|▎         | 31900/1019957 [00:06<03:26, 4789.52it/s]  3%|▎         | 32382/1019957 [00:07<03:43, 4418.76it/s]  3%|▎         | 32831/1019957 [00:07<03:44, 4387.64it/s]  3%|▎         | 33371/1019957 [00:07<03:31, 4667.02it/s]  3%|▎         | 33845/1019957 [00:07<03:30, 4686.61it/s]  3%|▎         | 34435/1019957 [00:07<03:15, 5036.22it/s]  3%|▎         | 34943/1019957 [00:07<03:17, 4978.28it/s]  3%|▎         | 35444/1019957 [00:07<03:21, 4886.26it/s]  4%|▎         | 35935/1019957 [00:07<03:22, 4849.77it/s]  4%|▎         | 36422/1019957 [00:07<03:35, 4560.98it/s]  4%|▎         | 36976/1019957 [00:07<03:23, 4834.64it/s]  4%|▎         | 37465/1019957 [00:08<03:35, 4566.55it/s]  4%|▎         | 37949/1019957 [00:08<03:31, 4640.50it/s]  4%|▍         | 38502/1019957 [00:08<03:20, 4889.96it/s]  4%|▍         | 38996/1019957 [00:08<03:33, 4604.09it/s]  4%|▍         | 39463/1019957 [00:08<03:33, 4585.10it/s]  4%|▍         | 39962/1019957 [00:08<03:28, 4694.89it/s]  4%|▍         | 40435/1019957 [00:08<03:34, 4559.74it/s]  4%|▍         | 40943/1019957 [00:08<03:28, 4706.43it/s]  4%|▍         | 41417/1019957 [00:08<03:44, 4353.32it/s]  4%|▍         | 41872/1019957 [00:09<03:42, 4405.18it/s]  4%|▍         | 42318/1019957 [00:09<03:52, 4212.65it/s]  4%|▍         | 42819/1019957 [00:09<03:40, 4432.87it/s]  4%|▍         | 43268/1019957 [00:09<03:42, 4391.53it/s]  4%|▍         | 43711/1019957 [00:09<03:53, 4186.55it/s]  4%|▍         | 44189/1019957 [00:09<03:44, 4351.18it/s]  4%|▍         | 44628/1019957 [00:09<03:50, 4239.03it/s]  4%|▍         | 45055/1019957 [00:09<03:50, 4228.23it/s]  4%|▍         | 45594/1019957 [00:09<03:33, 4557.35it/s]  5%|▍         | 46134/1019957 [00:10<03:23, 4796.85it/s]  5%|▍         | 46617/1019957 [00:10<03:38, 4460.59it/s]  5%|▍         | 47070/1019957 [00:10<03:43, 4349.52it/s]  5%|▍         | 47510/1019957 [00:10<03:54, 4155.51it/s]  5%|▍         | 47930/1019957 [00:10<04:00, 4034.27it/s]  5%|▍         | 48493/1019957 [00:10<03:37, 4472.78it/s]  5%|▍         | 48946/1019957 [00:10<03:49, 4230.29it/s]  5%|▍         | 49422/1019957 [00:10<03:41, 4376.12it/s]  5%|▍         | 49865/1019957 [00:10<03:42, 4368.57it/s]  5%|▍         | 50316/1019957 [00:11<03:39, 4408.40it/s]  5%|▍         | 50802/1019957 [00:11<03:34, 4524.43it/s]  5%|▌         | 51301/1019957 [00:11<03:28, 4653.96it/s]  5%|▌         | 51829/1019957 [00:11<03:20, 4836.44it/s]  5%|▌         | 52315/1019957 [00:11<03:25, 4713.80it/s]  5%|▌         | 52827/1019957 [00:11<03:20, 4825.92it/s]  5%|▌         | 53324/1019957 [00:11<03:18, 4867.43it/s]  5%|▌         | 53812/1019957 [00:11<03:20, 4819.82it/s]  5%|▌         | 54353/1019957 [00:11<03:13, 4987.38it/s]  5%|▌         | 54853/1019957 [00:11<03:26, 4662.69it/s]  5%|▌         | 55339/1019957 [00:12<03:24, 4713.81it/s]  5%|▌         | 55843/1019957 [00:12<03:20, 4801.27it/s]  6%|▌         | 56386/1019957 [00:12<03:13, 4982.73it/s]  6%|▌         | 56887/1019957 [00:12<03:33, 4519.16it/s]  6%|▌         | 57349/1019957 [00:12<03:33, 4502.22it/s]  6%|▌         | 57806/1019957 [00:12<03:36, 4441.66it/s]  6%|▌         | 58298/1019957 [00:12<03:30, 4574.74it/s]  6%|▌         | 58814/1019957 [00:12<03:22, 4736.45it/s]  6%|▌         | 59292/1019957 [00:12<03:37, 4422.21it/s]  6%|▌         | 59755/1019957 [00:13<03:34, 4478.45it/s]  6%|▌         | 60247/1019957 [00:13<03:28, 4603.74it/s]  6%|▌         | 60712/1019957 [00:13<03:32, 4506.82it/s]  6%|▌         | 61166/1019957 [00:13<03:34, 4478.06it/s]  6%|▌         | 61671/1019957 [00:13<03:26, 4637.79it/s]  6%|▌         | 62234/1019957 [00:13<03:14, 4925.34it/s]  6%|▌         | 62729/1019957 [00:13<03:18, 4813.87it/s]  6%|▌         | 63213/1019957 [00:13<03:44, 4253.24it/s]  6%|▋         | 63764/1019957 [00:13<03:28, 4586.24it/s]  6%|▋         | 64249/1019957 [00:13<03:25, 4657.84it/s]  6%|▋         | 64725/1019957 [00:14<03:26, 4636.91it/s]  6%|▋         | 65196/1019957 [00:14<03:34, 4460.94it/s]  6%|▋         | 65771/1019957 [00:14<03:17, 4822.07it/s]  6%|▋         | 66260/1019957 [00:14<03:31, 4501.35it/s]  7%|▋         | 66718/1019957 [00:14<03:35, 4428.32it/s]  7%|▋         | 67167/1019957 [00:14<03:36, 4391.21it/s]  7%|▋         | 67632/1019957 [00:14<03:33, 4461.06it/s]  7%|▋         | 68131/1019957 [00:14<03:26, 4600.93it/s]  7%|▋         | 68594/1019957 [00:14<03:34, 4441.68it/s]  7%|▋         | 69178/1019957 [00:15<03:16, 4837.12it/s]  7%|▋         | 69666/1019957 [00:15<03:18, 4799.05it/s]  7%|▋         | 70149/1019957 [00:15<03:29, 4531.38it/s]  7%|▋         | 70607/1019957 [00:15<03:32, 4459.82it/s]  7%|▋         | 71056/1019957 [00:15<03:51, 4093.30it/s]  7%|▋         | 71524/1019957 [00:15<03:43, 4248.56it/s]  7%|▋         | 72107/1019957 [00:15<03:22, 4683.41it/s]  7%|▋         | 72643/1019957 [00:15<03:14, 4874.19it/s]  7%|▋         | 73158/1019957 [00:15<03:11, 4945.26it/s]  7%|▋         | 73665/1019957 [00:16<03:10, 4978.76it/s]  7%|▋         | 74169/1019957 [00:16<03:09, 4994.06it/s]  7%|▋         | 74671/1019957 [00:16<03:26, 4572.62it/s]  7%|▋         | 75194/1019957 [00:16<03:18, 4755.21it/s]  7%|▋         | 75749/1019957 [00:16<03:10, 4965.71it/s]  7%|▋         | 76252/1019957 [00:16<03:28, 4527.66it/s]  8%|▊         | 76716/1019957 [00:16<03:33, 4409.48it/s]  8%|▊         | 77165/1019957 [00:16<03:44, 4193.15it/s]  8%|▊         | 77605/1019957 [00:16<03:41, 4246.64it/s]  8%|▊         | 78133/1019957 [00:17<03:27, 4530.18it/s]  8%|▊         | 78594/1019957 [00:17<03:26, 4550.94it/s]  8%|▊         | 79054/1019957 [00:17<03:43, 4215.64it/s]  8%|▊         | 79588/1019957 [00:17<03:27, 4521.82it/s]  8%|▊         | 80048/1019957 [00:17<03:46, 4140.66it/s]  8%|▊         | 80514/1019957 [00:17<03:39, 4278.13it/s]  8%|▊         | 80951/1019957 [00:17<03:49, 4083.70it/s]  8%|▊         | 81367/1019957 [00:17<03:50, 4074.47it/s]  8%|▊         | 81791/1019957 [00:17<03:47, 4117.41it/s]  8%|▊         | 82207/1019957 [00:18<03:49, 4079.05it/s]  8%|▊         | 82632/1019957 [00:18<03:47, 4125.76it/s]  8%|▊         | 83191/1019957 [00:18<03:26, 4544.83it/s]  8%|▊         | 83733/1019957 [00:18<03:15, 4796.81it/s]  8%|▊         | 84280/1019957 [00:18<03:07, 4995.12it/s]  8%|▊         | 84839/1019957 [00:18<03:00, 5169.53it/s]  8%|▊         | 85358/1019957 [00:18<03:04, 5071.31it/s]  8%|▊         | 85867/1019957 [00:18<03:05, 5035.72it/s]  8%|▊         | 86372/1019957 [00:18<03:08, 4951.64it/s]  9%|▊         | 86869/1019957 [00:18<03:17, 4725.14it/s]  9%|▊         | 87344/1019957 [00:19<03:25, 4532.34it/s]  9%|▊         | 87800/1019957 [00:19<03:27, 4500.98it/s]  9%|▊         | 88252/1019957 [00:19<03:30, 4427.89it/s]  9%|▊         | 88710/1019957 [00:19<03:28, 4469.92it/s]  9%|▊         | 89158/1019957 [00:19<03:34, 4347.34it/s]  9%|▉         | 89701/1019957 [00:19<03:19, 4656.08it/s]  9%|▉         | 90169/1019957 [00:19<03:19, 4654.05it/s]  9%|▉         | 90636/1019957 [00:19<03:20, 4626.71it/s]  9%|▉         | 91145/1019957 [00:19<03:15, 4760.62it/s]  9%|▉         | 91695/1019957 [00:19<03:06, 4974.15it/s]  9%|▉         | 92194/1019957 [00:20<03:18, 4684.36it/s]  9%|▉         | 92748/1019957 [00:20<03:08, 4918.16it/s]  9%|▉         | 93244/1019957 [00:20<03:14, 4760.57it/s]  9%|▉         | 93826/1019957 [00:20<03:02, 5061.42it/s]  9%|▉         | 94337/1019957 [00:20<03:13, 4773.95it/s]  9%|▉         | 94820/1019957 [00:20<03:14, 4754.97it/s]  9%|▉         | 95415/1019957 [00:20<03:01, 5092.16it/s]  9%|▉         | 95929/1019957 [00:20<03:22, 4573.27it/s]  9%|▉         | 96431/1019957 [00:20<03:17, 4683.02it/s] 10%|▉         | 96909/1019957 [00:21<03:19, 4634.24it/s] 10%|▉         | 97379/1019957 [00:21<03:19, 4633.99it/s] 10%|▉         | 97847/1019957 [00:21<03:28, 4433.08it/s] 10%|▉         | 98307/1019957 [00:21<03:25, 4474.51it/s] 10%|▉         | 98809/1019957 [00:21<03:19, 4626.60it/s] 10%|▉         | 99275/1019957 [00:21<03:41, 4157.23it/s] 10%|▉         | 99702/1019957 [00:21<03:40, 4173.92it/s] 10%|▉         | 100251/1019957 [00:21<03:22, 4534.23it/s] 10%|▉         | 100713/1019957 [00:21<03:32, 4325.52it/s] 10%|▉         | 101279/1019957 [00:22<03:15, 4694.57it/s] 10%|▉         | 101875/1019957 [00:22<03:01, 5053.38it/s] 10%|█         | 102388/1019957 [00:23<12:58, 1178.88it/s] 10%|█         | 102760/1019957 [00:24<22:25, 681.75it/s]  10%|█         | 103029/1019957 [00:25<29:18, 521.50it/s] 10%|█         | 103225/1019957 [00:26<34:21, 444.77it/s] 10%|█         | 103370/1019957 [00:27<37:39, 405.72it/s] 10%|█         | 103480/1019957 [00:27<40:50, 374.01it/s] 10%|█         | 103565/1019957 [00:27<42:41, 357.70it/s] 10%|█         | 103633/1019957 [00:28<44:34, 342.61it/s] 10%|█         | 103689/1019957 [00:28<46:36, 327.61it/s] 10%|█         | 103736/1019957 [00:28<47:41, 320.20it/s] 10%|█         | 103777/1019957 [00:28<49:37, 307.74it/s] 10%|█         | 103814/1019957 [00:28<51:52, 294.38it/s] 10%|█         | 103847/1019957 [00:28<54:29, 280.23it/s] 10%|█         | 103877/1019957 [00:29<55:55, 273.01it/s] 10%|█         | 103911/1019957 [00:29<54:30, 280.12it/s] 10%|█         | 103940/1019957 [00:29<54:35, 279.68it/s] 10%|█         | 103969/1019957 [00:29<55:39, 274.25it/s] 10%|█         | 103999/1019957 [00:29<55:04, 277.16it/s] 10%|█         | 104027/1019957 [00:29<56:57, 268.02it/s] 10%|█         | 104054/1019957 [00:29<57:04, 267.47it/s] 10%|█         | 104085/1019957 [00:29<54:53, 278.10it/s] 10%|█         | 104113/1019957 [00:29<56:12, 271.58it/s] 10%|█         | 104141/1019957 [00:30<1:01:54, 246.54it/s] 10%|█         | 104167/1019957 [00:30<1:06:24, 229.85it/s] 10%|█         | 104192/1019957 [00:30<1:05:51, 231.74it/s] 10%|█         | 104223/1019957 [00:30<1:02:59, 242.30it/s] 10%|█         | 104252/1019957 [00:30<1:00:18, 253.05it/s] 10%|█         | 104286/1019957 [00:30<56:34, 269.71it/s]   10%|█         | 104314/1019957 [00:30<56:14, 271.30it/s] 10%|█         | 104342/1019957 [00:30<56:47, 268.74it/s] 10%|█         | 104371/1019957 [00:30<55:53, 273.05it/s] 10%|█         | 104399/1019957 [00:31<57:43, 264.33it/s] 10%|█         | 104427/1019957 [00:31<59:59, 254.37it/s] 10%|█         | 104460/1019957 [00:31<55:36, 274.36it/s] 10%|█         | 104488/1019957 [00:31<59:08, 257.98it/s] 10%|█         | 104515/1019957 [00:31<1:02:05, 245.72it/s] 10%|█         | 104541/1019957 [00:31<1:01:26, 248.33it/s] 10%|█         | 104567/1019957 [00:31<1:03:42, 239.47it/s] 10%|█         | 104597/1019957 [00:31<1:00:04, 253.95it/s] 10%|█         | 104626/1019957 [00:31<58:46, 259.54it/s]   10%|█         | 104654/1019957 [00:32<57:36, 264.83it/s] 10%|█         | 104681/1019957 [00:32<58:15, 261.85it/s] 10%|█         | 104708/1019957 [00:32<1:01:56, 246.29it/s] 10%|█         | 104733/1019957 [00:32<1:05:10, 234.03it/s] 10%|█         | 104763/1019957 [00:32<1:00:46, 250.98it/s] 10%|█         | 104789/1019957 [00:32<1:01:38, 247.44it/s] 10%|█         | 104814/1019957 [00:32<1:01:55, 246.30it/s] 10%|█         | 104843/1019957 [00:32<58:57, 258.68it/s]   10%|█         | 104870/1019957 [00:32<1:00:22, 252.62it/s] 10%|█         | 104901/1019957 [00:32<57:15, 266.37it/s]   10%|█         | 104928/1019957 [00:33<58:21, 261.34it/s] 10%|█         | 104955/1019957 [00:33<1:01:23, 248.41it/s] 10%|█         | 104981/1019957 [00:33<1:03:21, 240.67it/s] 10%|█         | 105010/1019957 [00:33<1:00:47, 250.87it/s] 10%|█         | 105037/1019957 [00:33<59:47, 255.05it/s]   10%|█         | 105064/1019957 [00:33<58:48, 259.28it/s] 10%|█         | 105091/1019957 [00:33<1:06:28, 229.35it/s] 10%|█         | 105121/1019957 [00:33<1:05:04, 234.29it/s] 10%|█         | 105152/1019957 [00:34<1:02:44, 243.01it/s] 10%|█         | 105177/1019957 [00:34<1:03:54, 238.55it/s] 10%|█         | 105210/1019957 [00:34<59:43, 255.28it/s]   10%|█         | 105236/1019957 [00:34<1:05:38, 232.26it/s] 10%|█         | 105261/1019957 [00:34<1:05:18, 233.44it/s] 10%|█         | 105287/1019957 [00:34<1:04:31, 236.25it/s] 10%|█         | 105313/1019957 [00:34<1:02:53, 242.38it/s] 10%|█         | 105338/1019957 [00:34<1:04:18, 237.04it/s] 10%|█         | 105363/1019957 [00:34<1:03:21, 240.62it/s] 10%|█         | 105388/1019957 [00:35<1:03:15, 240.99it/s] 10%|█         | 105413/1019957 [00:35<1:03:31, 239.97it/s] 10%|█         | 105442/1019957 [00:35<1:00:03, 253.76it/s] 10%|█         | 105474/1019957 [00:35<56:32, 269.56it/s]   10%|█         | 105503/1019957 [00:35<55:30, 274.60it/s] 10%|█         | 105531/1019957 [00:35<55:50, 272.91it/s] 10%|█         | 105559/1019957 [00:35<59:24, 256.52it/s] 10%|█         | 105588/1019957 [00:35<58:47, 259.23it/s] 10%|█         | 105616/1019957 [00:35<58:20, 261.17it/s] 10%|█         | 105645/1019957 [00:35<58:27, 260.69it/s] 10%|█         | 105677/1019957 [00:36<58:42, 259.56it/s] 10%|█         | 105709/1019957 [00:36<58:18, 261.31it/s] 10%|█         | 105737/1019957 [00:36<58:57, 258.41it/s] 10%|█         | 105763/1019957 [00:36<1:02:21, 244.33it/s] 10%|█         | 105789/1019957 [00:36<1:03:11, 241.10it/s] 10%|█         | 105821/1019957 [00:36<58:51, 258.86it/s]   10%|█         | 105854/1019957 [00:36<55:17, 275.50it/s] 10%|█         | 105882/1019957 [00:36<56:12, 271.05it/s] 10%|█         | 105910/1019957 [00:37<58:02, 262.46it/s] 10%|█         | 105937/1019957 [00:37<57:53, 263.18it/s] 10%|█         | 105964/1019957 [00:37<1:03:29, 239.92it/s] 10%|█         | 105991/1019957 [00:37<1:04:04, 237.73it/s] 10%|█         | 106021/1019957 [00:37<1:01:42, 246.86it/s] 10%|█         | 106046/1019957 [00:37<1:03:37, 239.38it/s] 10%|█         | 106078/1019957 [00:37<1:02:51, 242.31it/s] 10%|█         | 106107/1019957 [00:37<1:00:44, 250.77it/s] 10%|█         | 106134/1019957 [00:37<1:00:00, 253.78it/s] 10%|█         | 106160/1019957 [00:38<1:00:52, 250.20it/s] 10%|█         | 106186/1019957 [00:38<1:03:16, 240.72it/s] 10%|█         | 106212/1019957 [00:38<1:01:55, 245.94it/s] 10%|█         | 106237/1019957 [00:38<1:01:39, 247.02it/s] 10%|█         | 106262/1019957 [00:38<1:01:29, 247.68it/s] 10%|█         | 106287/1019957 [00:38<1:04:55, 234.55it/s] 10%|█         | 106313/1019957 [00:38<1:03:02, 241.52it/s] 10%|█         | 106340/1019957 [00:38<1:03:44, 238.88it/s] 10%|█         | 106368/1019957 [00:38<1:01:05, 249.22it/s] 10%|█         | 106401/1019957 [00:38<56:20, 270.27it/s]   10%|█         | 106429/1019957 [00:39<1:00:27, 251.85it/s] 10%|█         | 106455/1019957 [00:39<1:02:05, 245.18it/s] 10%|█         | 106482/1019957 [00:39<1:01:31, 247.46it/s] 10%|█         | 106509/1019957 [00:39<1:00:18, 252.47it/s] 10%|█         | 106535/1019957 [00:39<1:02:12, 244.74it/s] 10%|█         | 106564/1019957 [00:39<59:14, 256.96it/s]   10%|█         | 106593/1019957 [00:39<57:35, 264.34it/s] 10%|█         | 106620/1019957 [00:39<59:31, 255.70it/s] 10%|█         | 106646/1019957 [00:39<1:01:51, 246.08it/s] 10%|█         | 106671/1019957 [00:40<1:02:10, 244.84it/s] 10%|█         | 106699/1019957 [00:40<1:02:44, 242.62it/s] 10%|█         | 106731/1019957 [00:40<59:24, 256.18it/s]   10%|█         | 106761/1019957 [00:40<56:48, 267.90it/s] 10%|█         | 106788/1019957 [00:40<1:01:20, 248.10it/s] 10%|█         | 106814/1019957 [00:40<1:00:51, 250.09it/s] 10%|█         | 106840/1019957 [00:40<1:04:01, 237.68it/s] 10%|█         | 106865/1019957 [00:40<1:04:09, 237.22it/s] 10%|█         | 106896/1019957 [00:40<59:15, 256.82it/s]   10%|█         | 106922/1019957 [00:41<1:02:04, 245.16it/s] 10%|█         | 106947/1019957 [00:41<1:01:49, 246.11it/s] 10%|█         | 106972/1019957 [00:41<1:02:41, 242.69it/s] 10%|█         | 106997/1019957 [00:41<1:05:33, 232.12it/s] 10%|█         | 107021/1019957 [00:41<1:05:02, 233.91it/s] 10%|█         | 107045/1019957 [00:41<1:05:00, 234.07it/s] 10%|█         | 107071/1019957 [00:41<1:03:24, 239.97it/s] 11%|█         | 107096/1019957 [00:41<1:04:30, 235.82it/s] 11%|█         | 107126/1019957 [00:41<1:00:05, 253.20it/s] 11%|█         | 107152/1019957 [00:42<1:03:25, 239.84it/s] 11%|█         | 107182/1019957 [00:42<1:00:08, 252.95it/s] 11%|█         | 107208/1019957 [00:42<1:00:37, 250.95it/s] 11%|█         | 107234/1019957 [00:42<1:03:10, 240.79it/s] 11%|█         | 107259/1019957 [00:42<1:05:07, 233.58it/s] 11%|█         | 107283/1019957 [00:42<1:04:43, 235.01it/s] 11%|█         | 107313/1019957 [00:42<1:00:22, 251.97it/s] 11%|█         | 107339/1019957 [00:42<1:01:12, 248.53it/s] 11%|█         | 107364/1019957 [00:42<1:06:22, 229.14it/s] 11%|█         | 107388/1019957 [00:43<1:05:46, 231.26it/s] 11%|█         | 107418/1019957 [00:43<1:00:48, 250.09it/s] 11%|█         | 107452/1019957 [00:43<57:08, 266.13it/s]   11%|█         | 107479/1019957 [00:43<57:35, 264.10it/s] 11%|█         | 107506/1019957 [00:43<1:00:59, 249.36it/s] 11%|█         | 107532/1019957 [00:43<1:02:03, 245.05it/s] 11%|█         | 107558/1019957 [00:43<1:01:23, 247.69it/s] 11%|█         | 107583/1019957 [00:43<1:03:20, 240.09it/s] 11%|█         | 107608/1019957 [00:43<1:03:15, 240.37it/s] 11%|█         | 107636/1019957 [00:44<1:01:14, 248.26it/s] 11%|█         | 107662/1019957 [00:44<1:00:38, 250.74it/s] 11%|█         | 107688/1019957 [00:44<1:03:51, 238.10it/s] 11%|█         | 107717/1019957 [00:44<1:00:56, 249.46it/s] 11%|█         | 107750/1019957 [00:44<1:00:04, 253.07it/s] 11%|█         | 107781/1019957 [00:44<57:09, 266.00it/s]   11%|█         | 107808/1019957 [00:44<1:02:44, 242.28it/s] 11%|█         | 107833/1019957 [00:44<1:05:35, 231.80it/s] 11%|█         | 107863/1019957 [00:44<1:01:05, 248.81it/s] 11%|█         | 107890/1019957 [00:45<1:00:29, 251.32it/s] 11%|█         | 107916/1019957 [00:45<1:03:15, 240.30it/s] 11%|█         | 107941/1019957 [00:45<1:03:59, 237.55it/s] 11%|█         | 107977/1019957 [00:45<56:38, 268.38it/s]   11%|█         | 108005/1019957 [00:45<1:01:28, 247.23it/s] 11%|█         | 108031/1019957 [00:45<1:04:14, 236.60it/s] 11%|█         | 108059/1019957 [00:45<1:01:39, 246.46it/s] 11%|█         | 108087/1019957 [00:45<59:55, 253.62it/s]   11%|█         | 108113/1019957 [00:45<1:00:55, 249.42it/s] 11%|█         | 108139/1019957 [00:46<1:03:50, 238.02it/s] 11%|█         | 108165/1019957 [00:46<1:03:53, 237.86it/s] 11%|█         | 108194/1019957 [00:46<1:00:39, 250.55it/s] 11%|█         | 108224/1019957 [00:46<57:55, 262.33it/s]   11%|█         | 108251/1019957 [00:46<58:53, 258.02it/s] 11%|█         | 108277/1019957 [00:46<1:00:57, 249.27it/s] 11%|█         | 108306/1019957 [00:46<59:20, 256.07it/s]   11%|█         | 108334/1019957 [00:46<58:11, 261.08it/s] 11%|█         | 108361/1019957 [00:46<1:03:58, 237.46it/s] 11%|█         | 108387/1019957 [00:47<1:02:30, 243.06it/s] 11%|█         | 108413/1019957 [00:47<1:01:46, 245.92it/s] 11%|█         | 108442/1019957 [00:47<58:49, 258.28it/s]   11%|█         | 108469/1019957 [00:47<58:46, 258.45it/s] 11%|█         | 108497/1019957 [00:47<58:05, 261.49it/s] 11%|█         | 108526/1019957 [00:47<56:38, 268.19it/s] 11%|█         | 108558/1019957 [00:47<55:56, 271.56it/s] 11%|█         | 108589/1019957 [00:47<57:26, 264.43it/s] 11%|█         | 108621/1019957 [00:47<54:55, 276.55it/s] 11%|█         | 108649/1019957 [00:48<56:50, 267.22it/s] 11%|█         | 108677/1019957 [00:48<57:35, 263.74it/s] 11%|█         | 108708/1019957 [00:48<55:51, 271.86it/s] 11%|█         | 108739/1019957 [00:48<54:48, 277.07it/s] 11%|█         | 108768/1019957 [00:48<54:19, 279.57it/s] 11%|█         | 108800/1019957 [00:48<52:12, 290.87it/s] 11%|█         | 108830/1019957 [00:48<55:46, 272.30it/s] 11%|█         | 108858/1019957 [00:48<56:35, 268.33it/s] 11%|█         | 108886/1019957 [00:48<59:07, 256.81it/s] 11%|█         | 108912/1019957 [00:49<1:00:39, 250.30it/s] 11%|█         | 108938/1019957 [00:49<1:00:45, 249.91it/s] 11%|█         | 108966/1019957 [00:49<1:01:08, 248.36it/s] 11%|█         | 108991/1019957 [00:49<1:03:51, 237.74it/s] 11%|█         | 109016/1019957 [00:49<1:03:20, 239.67it/s] 11%|█         | 109045/1019957 [00:49<1:00:19, 251.69it/s] 11%|█         | 109077/1019957 [00:49<58:21, 260.12it/s]   11%|█         | 109104/1019957 [00:49<1:01:15, 247.79it/s] 11%|█         | 109134/1019957 [00:49<58:45, 258.32it/s]   11%|█         | 109160/1019957 [00:50<1:01:32, 246.66it/s] 11%|█         | 109185/1019957 [00:50<1:04:39, 234.75it/s] 11%|█         | 109213/1019957 [00:50<1:03:09, 240.30it/s] 11%|█         | 109242/1019957 [00:50<59:49, 253.74it/s]   11%|█         | 109268/1019957 [00:50<1:02:45, 241.86it/s] 11%|█         | 109293/1019957 [00:50<1:04:30, 235.29it/s] 11%|█         | 109322/1019957 [00:50<1:00:41, 250.06it/s] 11%|█         | 109351/1019957 [00:50<1:02:10, 244.10it/s] 11%|█         | 109382/1019957 [00:50<59:03, 256.98it/s]   11%|█         | 109408/1019957 [00:51<1:00:28, 250.92it/s] 11%|█         | 109439/1019957 [00:51<57:26, 264.20it/s]   11%|█         | 109466/1019957 [00:51<59:24, 255.44it/s] 11%|█         | 109492/1019957 [00:51<1:02:05, 244.35it/s] 11%|█         | 109519/1019957 [00:51<1:01:06, 248.31it/s] 11%|█         | 109548/1019957 [00:51<59:49, 253.64it/s]   11%|█         | 109577/1019957 [00:51<1:00:34, 250.45it/s] 11%|█         | 109613/1019957 [00:51<54:09, 280.14it/s]   11%|█         | 109642/1019957 [00:51<59:16, 255.95it/s] 11%|█         | 109671/1019957 [00:52<58:01, 261.47it/s] 11%|█         | 109698/1019957 [00:52<59:03, 256.86it/s] 11%|█         | 109726/1019957 [00:52<57:46, 262.58it/s] 11%|█         | 109753/1019957 [00:52<57:27, 264.04it/s] 11%|█         | 109781/1019957 [00:52<56:58, 266.22it/s] 11%|█         | 109809/1019957 [00:52<56:59, 266.13it/s] 11%|█         | 109836/1019957 [00:52<1:01:24, 247.03it/s] 11%|█         | 109864/1019957 [00:52<59:42, 254.05it/s]   11%|█         | 109892/1019957 [00:52<58:09, 260.78it/s] 11%|█         | 109919/1019957 [00:53<58:41, 258.39it/s] 11%|█         | 109947/1019957 [00:53<57:56, 261.73it/s] 11%|█         | 109974/1019957 [00:53<58:47, 257.96it/s] 11%|█         | 110000/1019957 [00:53<1:02:28, 242.78it/s] 11%|█         | 110035/1019957 [00:53<56:26, 268.70it/s]   11%|█         | 110063/1019957 [00:53<55:59, 270.86it/s] 11%|█         | 110091/1019957 [00:53<59:13, 256.06it/s] 11%|█         | 110122/1019957 [00:53<1:00:31, 250.53it/s] 11%|█         | 110154/1019957 [00:53<57:07, 265.47it/s]   11%|█         | 110181/1019957 [00:54<58:29, 259.20it/s] 11%|█         | 110208/1019957 [00:54<1:01:48, 245.30it/s] 11%|█         | 110233/1019957 [00:54<1:04:41, 234.39it/s] 11%|█         | 110261/1019957 [00:54<1:03:36, 238.34it/s] 11%|█         | 110290/1019957 [00:54<1:00:28, 250.73it/s] 11%|█         | 110316/1019957 [00:54<1:01:51, 245.10it/s] 11%|█         | 110347/1019957 [00:54<58:29, 259.18it/s]   11%|█         | 110376/1019957 [00:54<57:24, 264.10it/s] 11%|█         | 110403/1019957 [00:54<59:45, 253.65it/s] 11%|█         | 110437/1019957 [00:55<59:13, 255.97it/s] 11%|█         | 110469/1019957 [00:55<1:00:29, 250.61it/s] 11%|█         | 110500/1019957 [00:55<58:13, 260.34it/s]   11%|█         | 110530/1019957 [00:55<56:19, 269.14it/s] 11%|█         | 110561/1019957 [00:55<54:25, 278.46it/s] 11%|█         | 110590/1019957 [00:55<55:35, 272.67it/s] 11%|█         | 110621/1019957 [00:55<53:58, 280.75it/s] 11%|█         | 110650/1019957 [00:55<53:35, 282.81it/s] 11%|█         | 110685/1019957 [00:55<51:43, 292.95it/s] 11%|█         | 110715/1019957 [00:56<54:33, 277.74it/s] 11%|█         | 110744/1019957 [00:56<55:56, 270.87it/s] 11%|█         | 110772/1019957 [00:56<55:48, 271.52it/s] 11%|█         | 110800/1019957 [00:56<1:00:36, 250.04it/s] 11%|█         | 110826/1019957 [00:56<1:02:50, 241.09it/s] 11%|█         | 110853/1019957 [00:56<1:02:29, 242.46it/s] 11%|█         | 110880/1019957 [00:56<1:01:53, 244.83it/s] 11%|█         | 110905/1019957 [00:56<1:02:35, 242.03it/s] 11%|█         | 110936/1019957 [00:56<58:29, 259.00it/s]   11%|█         | 110964/1019957 [00:57<57:12, 264.85it/s] 11%|█         | 110991/1019957 [00:57<1:00:40, 249.67it/s] 11%|█         | 111018/1019957 [00:57<59:49, 253.23it/s]   11%|█         | 111044/1019957 [00:57<1:02:25, 242.66it/s] 11%|█         | 111073/1019957 [00:57<1:00:54, 248.69it/s] 11%|█         | 111099/1019957 [00:57<1:02:08, 243.78it/s] 11%|█         | 111124/1019957 [00:57<1:03:10, 239.76it/s] 11%|█         | 111149/1019957 [00:57<1:02:59, 240.43it/s] 11%|█         | 111174/1019957 [00:57<1:03:08, 239.90it/s] 11%|█         | 111199/1019957 [00:58<1:03:27, 238.68it/s] 11%|█         | 111223/1019957 [00:58<1:04:27, 235.00it/s] 11%|█         | 111247/1019957 [00:58<1:05:34, 230.94it/s] 11%|█         | 111272/1019957 [00:58<1:04:43, 234.00it/s] 11%|█         | 111297/1019957 [00:58<1:04:20, 235.36it/s] 11%|█         | 111321/1019957 [00:58<1:04:22, 235.24it/s] 11%|█         | 111345/1019957 [00:58<1:06:46, 226.77it/s] 11%|█         | 111368/1019957 [00:58<1:07:38, 223.85it/s] 11%|█         | 111398/1019957 [00:58<1:02:05, 243.87it/s] 11%|█         | 111423/1019957 [00:58<1:04:00, 236.58it/s] 11%|█         | 111451/1019957 [00:59<1:02:02, 244.09it/s] 11%|█         | 111476/1019957 [00:59<1:01:48, 245.00it/s] 11%|█         | 111501/1019957 [00:59<1:02:09, 243.60it/s] 11%|█         | 111526/1019957 [00:59<1:01:49, 244.91it/s] 11%|█         | 111551/1019957 [00:59<1:02:00, 244.18it/s] 11%|█         | 111579/1019957 [00:59<1:01:10, 247.49it/s] 11%|█         | 111604/1019957 [00:59<1:01:19, 246.90it/s] 11%|█         | 111629/1019957 [00:59<1:05:07, 232.48it/s] 11%|█         | 111657/1019957 [00:59<1:01:37, 245.66it/s] 11%|█         | 111682/1019957 [01:00<1:03:56, 236.73it/s] 11%|█         | 111706/1019957 [01:00<1:04:46, 233.67it/s] 11%|█         | 111732/1019957 [01:00<1:03:04, 240.00it/s] 11%|█         | 111757/1019957 [01:00<1:02:58, 240.39it/s] 11%|█         | 111790/1019957 [01:00<57:28, 263.36it/s]   11%|█         | 111817/1019957 [01:00<1:00:28, 250.25it/s] 11%|█         | 111843/1019957 [01:00<1:00:58, 248.22it/s] 11%|█         | 111868/1019957 [01:00<1:02:06, 243.71it/s] 11%|█         | 111902/1019957 [01:00<56:21, 268.53it/s]   11%|█         | 111938/1019957 [01:01<52:53, 286.13it/s] 11%|█         | 111967/1019957 [01:01<55:19, 273.51it/s] 11%|█         | 111995/1019957 [01:01<55:14, 273.92it/s] 11%|█         | 112023/1019957 [01:01<55:10, 274.22it/s] 11%|█         | 112051/1019957 [01:01<59:46, 253.18it/s] 11%|█         | 112077/1019957 [01:01<1:02:08, 243.53it/s] 11%|█         | 112102/1019957 [01:01<1:04:23, 234.97it/s] 11%|█         | 112136/1019957 [01:01<58:03, 260.62it/s]   11%|█         | 112165/1019957 [01:01<56:44, 266.62it/s] 11%|█         | 112195/1019957 [01:02<55:18, 273.54it/s] 11%|█         | 112230/1019957 [01:02<52:25, 288.61it/s] 11%|█         | 112259/1019957 [01:02<53:52, 280.83it/s] 11%|█         | 112288/1019957 [01:02<55:58, 270.25it/s] 11%|█         | 112316/1019957 [01:02<57:06, 264.86it/s] 11%|█         | 112348/1019957 [01:02<54:52, 275.68it/s] 11%|█         | 112380/1019957 [01:02<53:07, 284.76it/s] 11%|█         | 112410/1019957 [01:02<52:27, 288.32it/s] 11%|█         | 112439/1019957 [01:02<58:36, 258.09it/s] 11%|█         | 112466/1019957 [01:03<1:02:27, 242.14it/s] 11%|█         | 112496/1019957 [01:03<1:01:04, 247.62it/s] 11%|█         | 112522/1019957 [01:03<1:01:30, 245.88it/s] 11%|█         | 112555/1019957 [01:03<58:06, 260.29it/s]   11%|█         | 112582/1019957 [01:03<57:50, 261.44it/s] 11%|█         | 112609/1019957 [01:03<57:22, 263.60it/s] 11%|█         | 112636/1019957 [01:03<58:35, 258.07it/s] 11%|█         | 112662/1019957 [01:03<1:00:42, 249.05it/s] 11%|█         | 112692/1019957 [01:03<57:40, 262.14it/s]   11%|█         | 112720/1019957 [01:04<57:05, 264.81it/s] 11%|█         | 112747/1019957 [01:04<58:07, 260.12it/s] 11%|█         | 112774/1019957 [01:04<1:00:51, 248.44it/s] 11%|█         | 112802/1019957 [01:04<59:38, 253.48it/s]   11%|█         | 112834/1019957 [01:04<58:23, 258.91it/s] 11%|█         | 112866/1019957 [01:04<57:45, 261.71it/s] 11%|█         | 112893/1019957 [01:04<58:07, 260.09it/s] 11%|█         | 112921/1019957 [01:04<57:03, 264.91it/s] 11%|█         | 112948/1019957 [01:04<1:01:57, 243.99it/s] 11%|█         | 112980/1019957 [01:05<57:55, 260.97it/s]   11%|█         | 113008/1019957 [01:05<56:54, 265.61it/s] 11%|█         | 113035/1019957 [01:05<58:50, 256.85it/s] 11%|█         | 113061/1019957 [01:05<1:00:29, 249.90it/s] 11%|█         | 113090/1019957 [01:05<1:00:05, 251.54it/s] 11%|█         | 113120/1019957 [01:05<57:04, 264.82it/s]   11%|█         | 113147/1019957 [01:05<1:00:24, 250.19it/s] 11%|█         | 113175/1019957 [01:05<58:40, 257.56it/s]   11%|█         | 113201/1019957 [01:05<1:03:05, 239.54it/s] 11%|█         | 113228/1019957 [01:06<1:03:14, 238.97it/s] 11%|█         | 113254/1019957 [01:06<1:04:29, 234.30it/s] 11%|█         | 113288/1019957 [01:06<57:59, 260.56it/s]   11%|█         | 113315/1019957 [01:06<57:53, 260.98it/s] 11%|█         | 113342/1019957 [01:06<1:01:08, 247.13it/s] 11%|█         | 113369/1019957 [01:06<59:48, 252.67it/s]   11%|█         | 113396/1019957 [01:06<59:12, 255.20it/s] 11%|█         | 113422/1019957 [01:06<1:02:25, 242.06it/s] 11%|█         | 113449/1019957 [01:06<1:01:17, 246.50it/s] 11%|█         | 113479/1019957 [01:07<1:03:08, 239.25it/s] 11%|█         | 113511/1019957 [01:07<1:01:06, 247.23it/s] 11%|█         | 113538/1019957 [01:07<1:00:08, 251.18it/s] 11%|█         | 113569/1019957 [01:07<57:01, 264.93it/s]   11%|█         | 113596/1019957 [01:07<1:01:55, 243.95it/s] 11%|█         | 113623/1019957 [01:07<1:01:54, 244.01it/s] 11%|█         | 113653/1019957 [01:07<58:49, 256.80it/s]   11%|█         | 113681/1019957 [01:07<58:50, 256.71it/s] 11%|█         | 113712/1019957 [01:07<58:41, 257.33it/s] 11%|█         | 113738/1019957 [01:08<59:32, 253.66it/s] 11%|█         | 113764/1019957 [01:08<1:00:42, 248.75it/s] 11%|█         | 113789/1019957 [01:08<1:03:05, 239.35it/s] 11%|█         | 113816/1019957 [01:08<1:01:07, 247.06it/s] 11%|█         | 113843/1019957 [01:08<1:00:19, 250.36it/s] 11%|█         | 113869/1019957 [01:08<1:00:38, 249.04it/s] 11%|█         | 113894/1019957 [01:08<1:05:46, 229.58it/s] 11%|█         | 113924/1019957 [01:08<1:01:56, 243.76it/s] 11%|█         | 113951/1019957 [01:08<1:00:19, 250.30it/s] 11%|█         | 113977/1019957 [01:09<1:03:02, 239.51it/s] 11%|█         | 114002/1019957 [01:09<1:02:54, 240.01it/s] 11%|█         | 114027/1019957 [01:09<1:02:34, 241.26it/s] 11%|█         | 114053/1019957 [01:09<1:01:26, 245.75it/s] 11%|█         | 114078/1019957 [01:09<1:05:23, 230.86it/s] 11%|█         | 114110/1019957 [01:09<1:00:17, 250.42it/s] 11%|█         | 114140/1019957 [01:09<57:11, 264.00it/s]   11%|█         | 114172/1019957 [01:09<54:00, 279.50it/s] 11%|█         | 114203/1019957 [01:09<52:55, 285.19it/s] 11%|█         | 114237/1019957 [01:09<50:26, 299.22it/s] 11%|█         | 114268/1019957 [01:10<56:37, 266.55it/s] 11%|█         | 114296/1019957 [01:10<57:27, 262.71it/s] 11%|█         | 114329/1019957 [01:10<54:10, 278.60it/s] 11%|█         | 114364/1019957 [01:10<52:16, 288.76it/s] 11%|█         | 114399/1019957 [01:10<49:23, 305.61it/s] 11%|█         | 114430/1019957 [01:10<51:09, 294.98it/s] 11%|█         | 114462/1019957 [01:10<50:19, 299.85it/s] 11%|█         | 114495/1019957 [01:10<48:56, 308.35it/s] 11%|█         | 114527/1019957 [01:10<50:25, 299.24it/s] 11%|█         | 114558/1019957 [01:11<50:19, 299.81it/s] 11%|█         | 114591/1019957 [01:11<49:39, 303.90it/s] 11%|█         | 114622/1019957 [01:11<49:30, 304.74it/s] 11%|█         | 114653/1019957 [01:11<51:21, 293.77it/s] 11%|█         | 114683/1019957 [01:11<52:04, 289.72it/s] 11%|█         | 114714/1019957 [01:11<51:07, 295.12it/s] 11%|█▏        | 114747/1019957 [01:11<49:54, 302.33it/s] 11%|█▏        | 114778/1019957 [01:11<54:13, 278.18it/s] 11%|█▏        | 114807/1019957 [01:11<54:53, 274.81it/s] 11%|█▏        | 114839/1019957 [01:12<52:47, 285.78it/s] 11%|█▏        | 114870/1019957 [01:12<52:02, 289.87it/s] 11%|█▏        | 114900/1019957 [01:12<52:38, 286.58it/s] 11%|█▏        | 114938/1019957 [01:12<49:33, 304.40it/s] 11%|█▏        | 114972/1019957 [01:12<49:25, 305.13it/s] 11%|█▏        | 115003/1019957 [01:12<49:54, 302.19it/s] 11%|█▏        | 115034/1019957 [01:12<54:37, 276.08it/s] 11%|█▏        | 115065/1019957 [01:12<53:33, 281.55it/s] 11%|█▏        | 115097/1019957 [01:12<52:07, 289.32it/s] 11%|█▏        | 115131/1019957 [01:13<49:57, 301.84it/s] 11%|█▏        | 115165/1019957 [01:13<48:32, 310.67it/s] 11%|█▏        | 115197/1019957 [01:13<52:34, 286.83it/s] 11%|█▏        | 115230/1019957 [01:13<50:34, 298.14it/s] 11%|█▏        | 115263/1019957 [01:13<49:25, 305.12it/s] 11%|█▏        | 115295/1019957 [01:13<48:52, 308.53it/s] 11%|█▏        | 115327/1019957 [01:13<49:24, 305.15it/s] 11%|█▏        | 115358/1019957 [01:13<57:44, 261.09it/s] 11%|█▏        | 115397/1019957 [01:13<51:15, 294.14it/s] 11%|█▏        | 115428/1019957 [01:14<55:02, 273.92it/s] 11%|█▏        | 115459/1019957 [01:14<53:41, 280.76it/s] 11%|█▏        | 115488/1019957 [01:14<55:38, 270.94it/s] 11%|█▏        | 115518/1019957 [01:14<54:31, 276.42it/s] 11%|█▏        | 115551/1019957 [01:14<53:31, 281.61it/s] 11%|█▏        | 115585/1019957 [01:14<50:47, 296.71it/s] 11%|█▏        | 115616/1019957 [01:14<50:15, 299.86it/s] 11%|█▏        | 115647/1019957 [01:14<51:33, 292.33it/s] 11%|█▏        | 115677/1019957 [01:14<53:14, 283.09it/s] 11%|█▏        | 115706/1019957 [01:15<55:54, 269.57it/s] 11%|█▏        | 115734/1019957 [01:15<55:47, 270.10it/s] 11%|█▏        | 115766/1019957 [01:15<53:51, 279.80it/s] 11%|█▏        | 115798/1019957 [01:15<52:19, 288.02it/s] 11%|█▏        | 115829/1019957 [01:15<51:49, 290.73it/s] 11%|█▏        | 115860/1019957 [01:15<51:37, 291.91it/s] 11%|█▏        | 115896/1019957 [01:15<48:55, 307.99it/s] 11%|█▏        | 115929/1019957 [01:15<48:14, 312.36it/s] 11%|█▏        | 115962/1019957 [01:15<48:02, 313.64it/s] 11%|█▏        | 115997/1019957 [01:16<46:36, 323.19it/s] 11%|█▏        | 116030/1019957 [01:16<47:16, 318.69it/s] 11%|█▏        | 116064/1019957 [01:16<46:29, 324.07it/s] 11%|█▏        | 116097/1019957 [01:16<47:06, 319.76it/s] 11%|█▏        | 116130/1019957 [01:16<51:30, 292.48it/s] 11%|█▏        | 116160/1019957 [01:16<52:32, 286.68it/s] 11%|█▏        | 116196/1019957 [01:16<49:09, 306.44it/s] 11%|█▏        | 116230/1019957 [01:16<49:21, 305.15it/s] 11%|█▏        | 116261/1019957 [01:16<51:28, 292.58it/s] 11%|█▏        | 116291/1019957 [01:16<51:15, 293.86it/s] 11%|█▏        | 116323/1019957 [01:17<50:29, 298.24it/s] 11%|█▏        | 116355/1019957 [01:17<50:06, 300.56it/s] 11%|█▏        | 116386/1019957 [01:17<50:11, 300.03it/s] 11%|█▏        | 116417/1019957 [01:17<53:03, 283.81it/s] 11%|█▏        | 116447/1019957 [01:17<53:11, 283.08it/s] 11%|█▏        | 116476/1019957 [01:17<54:14, 277.64it/s] 11%|█▏        | 116506/1019957 [01:17<54:26, 276.60it/s] 11%|█▏        | 116539/1019957 [01:17<52:42, 285.66it/s] 11%|█▏        | 116568/1019957 [01:17<53:51, 279.59it/s] 11%|█▏        | 116597/1019957 [01:18<55:30, 271.21it/s] 11%|█▏        | 116626/1019957 [01:18<54:31, 276.13it/s] 11%|█▏        | 116654/1019957 [01:18<57:14, 263.03it/s] 11%|█▏        | 116681/1019957 [01:18<59:44, 252.00it/s] 11%|█▏        | 116711/1019957 [01:18<58:53, 255.66it/s] 11%|█▏        | 116741/1019957 [01:18<57:20, 262.54it/s] 11%|█▏        | 116771/1019957 [01:18<55:18, 272.20it/s] 11%|█▏        | 116799/1019957 [01:18<57:59, 259.54it/s] 11%|█▏        | 116826/1019957 [01:18<58:20, 257.99it/s] 11%|█▏        | 116857/1019957 [01:19<55:43, 270.07it/s] 11%|█▏        | 116885/1019957 [01:19<57:30, 261.72it/s] 11%|█▏        | 116912/1019957 [01:19<57:15, 262.85it/s] 11%|█▏        | 116942/1019957 [01:19<57:08, 263.39it/s] 11%|█▏        | 116974/1019957 [01:19<56:11, 267.83it/s] 11%|█▏        | 117006/1019957 [01:19<54:16, 277.27it/s] 11%|█▏        | 117042/1019957 [01:19<51:12, 293.92it/s] 11%|█▏        | 117075/1019957 [01:19<49:39, 303.06it/s] 11%|█▏        | 117106/1019957 [01:19<50:56, 295.37it/s] 11%|█▏        | 117141/1019957 [01:20<49:44, 302.55it/s] 11%|█▏        | 117172/1019957 [01:20<50:50, 295.98it/s] 11%|█▏        | 117205/1019957 [01:20<49:32, 303.65it/s] 11%|█▏        | 117236/1019957 [01:20<49:28, 304.09it/s] 11%|█▏        | 117267/1019957 [01:20<52:27, 286.82it/s] 12%|█▏        | 117298/1019957 [01:20<51:19, 293.10it/s] 12%|█▏        | 117329/1019957 [01:20<50:48, 296.05it/s] 12%|█▏        | 117360/1019957 [01:20<50:45, 296.34it/s] 12%|█▏        | 117390/1019957 [01:20<50:40, 296.89it/s] 12%|█▏        | 117420/1019957 [01:21<53:57, 278.81it/s] 12%|█▏        | 117454/1019957 [01:21<51:12, 293.76it/s] 12%|█▏        | 117488/1019957 [01:21<49:15, 305.39it/s] 12%|█▏        | 117519/1019957 [01:21<50:32, 297.56it/s] 12%|█▏        | 117549/1019957 [01:21<51:02, 294.70it/s] 12%|█▏        | 117582/1019957 [01:21<50:53, 295.54it/s] 12%|█▏        | 117615/1019957 [01:21<49:30, 303.74it/s] 12%|█▏        | 117650/1019957 [01:21<47:40, 315.43it/s] 12%|█▏        | 117682/1019957 [01:21<52:58, 283.83it/s] 12%|█▏        | 117712/1019957 [01:22<55:09, 272.62it/s] 12%|█▏        | 117740/1019957 [01:22<56:27, 266.31it/s] 12%|█▏        | 117770/1019957 [01:22<55:47, 269.52it/s] 12%|█▏        | 117798/1019957 [01:22<58:05, 258.87it/s] 12%|█▏        | 117831/1019957 [01:22<54:19, 276.79it/s] 12%|█▏        | 117862/1019957 [01:22<52:34, 286.01it/s] 12%|█▏        | 117891/1019957 [01:22<54:09, 277.61it/s] 12%|█▏        | 117923/1019957 [01:22<51:57, 289.35it/s] 12%|█▏        | 117953/1019957 [01:22<52:36, 285.80it/s] 12%|█▏        | 117986/1019957 [01:22<50:32, 297.40it/s] 12%|█▏        | 118018/1019957 [01:23<50:11, 299.54it/s] 12%|█▏        | 118052/1019957 [01:23<48:27, 310.24it/s] 12%|█▏        | 118086/1019957 [01:23<47:50, 314.22it/s] 12%|█▏        | 118118/1019957 [01:23<48:05, 312.52it/s] 12%|█▏        | 118154/1019957 [01:23<47:06, 319.05it/s] 12%|█▏        | 118186/1019957 [01:23<49:55, 301.05it/s] 12%|█▏        | 118217/1019957 [01:23<52:42, 285.09it/s] 12%|█▏        | 118251/1019957 [01:23<50:17, 298.84it/s] 12%|█▏        | 118282/1019957 [01:23<52:36, 285.65it/s] 12%|█▏        | 118311/1019957 [01:24<55:14, 272.06it/s] 12%|█▏        | 118340/1019957 [01:24<54:34, 275.37it/s] 12%|█▏        | 118374/1019957 [01:24<52:29, 286.26it/s] 12%|█▏        | 118403/1019957 [01:24<53:49, 279.19it/s] 12%|█▏        | 118434/1019957 [01:24<52:34, 285.75it/s] 12%|█▏        | 118467/1019957 [01:24<50:34, 297.04it/s] 12%|█▏        | 118501/1019957 [01:24<48:55, 307.10it/s] 12%|█▏        | 118536/1019957 [01:24<47:09, 318.62it/s] 12%|█▏        | 118568/1019957 [01:24<47:16, 317.77it/s] 12%|█▏        | 118600/1019957 [01:25<52:28, 286.27it/s] 12%|█▏        | 118630/1019957 [01:25<54:06, 277.60it/s] 12%|█▏        | 118659/1019957 [01:25<57:36, 260.76it/s] 12%|█▏        | 118686/1019957 [01:25<58:50, 255.27it/s] 12%|█▏        | 118717/1019957 [01:25<55:57, 268.41it/s] 12%|█▏        | 118749/1019957 [01:25<53:18, 281.76it/s] 12%|█▏        | 118780/1019957 [01:25<52:03, 288.50it/s] 12%|█▏        | 118814/1019957 [01:25<49:41, 302.27it/s] 12%|█▏        | 118845/1019957 [01:25<50:22, 298.09it/s] 12%|█▏        | 118875/1019957 [01:26<51:26, 291.92it/s] 12%|█▏        | 118905/1019957 [01:26<52:56, 283.69it/s] 12%|█▏        | 118935/1019957 [01:26<52:24, 286.50it/s] 12%|█▏        | 118964/1019957 [01:26<54:13, 276.89it/s] 12%|█▏        | 118992/1019957 [01:26<55:08, 272.34it/s] 12%|█▏        | 119025/1019957 [01:26<52:06, 288.18it/s] 12%|█▏        | 119054/1019957 [01:26<52:58, 283.47it/s] 12%|█▏        | 119083/1019957 [01:26<53:12, 282.16it/s] 12%|█▏        | 119112/1019957 [01:26<55:18, 271.49it/s] 12%|█▏        | 119140/1019957 [01:27<57:42, 260.20it/s] 12%|█▏        | 119169/1019957 [01:27<56:06, 267.60it/s] 12%|█▏        | 119201/1019957 [01:27<53:10, 282.32it/s] 12%|█▏        | 119233/1019957 [01:27<51:23, 292.10it/s] 12%|█▏        | 119266/1019957 [01:27<50:06, 299.63it/s] 12%|█▏        | 119300/1019957 [01:27<48:26, 309.89it/s] 12%|█▏        | 119332/1019957 [01:27<48:42, 308.22it/s] 12%|█▏        | 119368/1019957 [01:27<46:42, 321.34it/s] 12%|█▏        | 119401/1019957 [01:27<53:02, 282.99it/s] 12%|█▏        | 119431/1019957 [01:27<54:07, 277.27it/s] 12%|█▏        | 119460/1019957 [01:28<54:24, 275.86it/s] 12%|█▏        | 119488/1019957 [01:28<54:26, 275.66it/s] 12%|█▏        | 119516/1019957 [01:28<58:39, 255.82it/s] 12%|█▏        | 119542/1019957 [01:28<1:00:34, 247.76it/s] 12%|█▏        | 119572/1019957 [01:28<57:47, 259.69it/s]   12%|█▏        | 119605/1019957 [01:28<54:22, 275.96it/s] 12%|█▏        | 119633/1019957 [01:28<54:30, 275.27it/s] 12%|█▏        | 119665/1019957 [01:28<52:11, 287.49it/s] 12%|█▏        | 119703/1019957 [01:28<48:48, 307.46it/s] 12%|█▏        | 119734/1019957 [01:29<50:05, 299.50it/s] 12%|█▏        | 119765/1019957 [01:29<53:55, 278.23it/s] 12%|█▏        | 119794/1019957 [01:29<53:40, 279.55it/s] 12%|█▏        | 119823/1019957 [01:29<53:40, 279.47it/s] 12%|█▏        | 119855/1019957 [01:29<51:46, 289.72it/s] 12%|█▏        | 119885/1019957 [01:29<53:17, 281.46it/s] 12%|█▏        | 119914/1019957 [01:29<54:17, 276.28it/s] 12%|█▏        | 119944/1019957 [01:29<53:02, 282.80it/s] 12%|█▏        | 119973/1019957 [01:29<54:17, 276.26it/s] 12%|█▏        | 120001/1019957 [01:30<56:50, 263.88it/s] 12%|█▏        | 120034/1019957 [01:30<55:41, 269.30it/s] 12%|█▏        | 120062/1019957 [01:30<56:50, 263.87it/s] 12%|█▏        | 120089/1019957 [01:30<58:05, 258.20it/s] 12%|█▏        | 120118/1019957 [01:30<57:37, 260.26it/s] 12%|█▏        | 120147/1019957 [01:30<57:10, 262.28it/s] 12%|█▏        | 120174/1019957 [01:30<56:49, 263.87it/s] 12%|█▏        | 120204/1019957 [01:30<55:29, 270.23it/s] 12%|█▏        | 120235/1019957 [01:30<53:31, 280.15it/s] 12%|█▏        | 120264/1019957 [01:31<55:31, 270.03it/s] 12%|█▏        | 120297/1019957 [01:31<52:37, 284.89it/s] 12%|█▏        | 120326/1019957 [01:31<53:42, 279.21it/s] 12%|█▏        | 120355/1019957 [01:31<57:47, 259.46it/s] 12%|█▏        | 120386/1019957 [01:31<55:03, 272.27it/s] 12%|█▏        | 120414/1019957 [01:31<56:45, 264.11it/s] 12%|█▏        | 120441/1019957 [01:31<58:47, 254.97it/s] 12%|█▏        | 120471/1019957 [01:31<56:09, 266.98it/s] 12%|█▏        | 120498/1019957 [01:31<58:12, 257.56it/s] 12%|█▏        | 120525/1019957 [01:32<58:10, 257.68it/s] 12%|█▏        | 120554/1019957 [01:32<56:18, 266.21it/s] 12%|█▏        | 120581/1019957 [01:32<56:57, 263.19it/s] 12%|█▏        | 120608/1019957 [01:32<1:01:00, 245.72it/s] 12%|█▏        | 120634/1019957 [01:32<1:00:56, 245.93it/s] 12%|█▏        | 120662/1019957 [01:32<58:48, 254.89it/s]   12%|█▏        | 120695/1019957 [01:32<54:36, 274.44it/s] 12%|█▏        | 120728/1019957 [01:32<52:50, 283.67it/s] 12%|█▏        | 120757/1019957 [01:32<53:46, 278.70it/s] 12%|█▏        | 120787/1019957 [01:33<52:41, 284.38it/s] 12%|█▏        | 120818/1019957 [01:33<56:40, 264.38it/s] 12%|█▏        | 120850/1019957 [01:33<58:08, 257.76it/s] 12%|█▏        | 120881/1019957 [01:33<55:25, 270.34it/s] 12%|█▏        | 120909/1019957 [01:33<56:54, 263.34it/s] 12%|█▏        | 120936/1019957 [01:33<56:31, 265.07it/s] 12%|█▏        | 120963/1019957 [01:33<57:17, 261.50it/s] 12%|█▏        | 120990/1019957 [01:33<1:00:22, 248.16it/s] 12%|█▏        | 121017/1019957 [01:33<1:02:30, 239.66it/s] 12%|█▏        | 121043/1019957 [01:34<1:01:13, 244.68it/s] 12%|█▏        | 121068/1019957 [01:34<1:02:52, 238.30it/s] 12%|█▏        | 121094/1019957 [01:34<1:01:48, 242.35it/s] 12%|█▏        | 121119/1019957 [01:34<1:04:19, 232.90it/s] 12%|█▏        | 121143/1019957 [01:34<1:04:24, 232.57it/s] 12%|█▏        | 121171/1019957 [01:34<1:02:01, 241.54it/s] 12%|█▏        | 121196/1019957 [01:34<1:03:57, 234.23it/s] 12%|█▏        | 121220/1019957 [01:34<1:03:31, 235.80it/s] 12%|█▏        | 121247/1019957 [01:34<1:01:57, 241.72it/s] 12%|█▏        | 121276/1019957 [01:34<58:39, 255.33it/s]   12%|█▏        | 121302/1019957 [01:35<58:35, 255.60it/s] 12%|█▏        | 121330/1019957 [01:35<57:05, 262.31it/s] 12%|█▏        | 121357/1019957 [01:35<57:16, 261.50it/s] 12%|█▏        | 121387/1019957 [01:35<55:08, 271.61it/s] 12%|█▏        | 121415/1019957 [01:35<58:33, 255.76it/s] 12%|█▏        | 121441/1019957 [01:35<1:00:36, 247.05it/s] 12%|█▏        | 121469/1019957 [01:35<58:35, 255.60it/s]   12%|█▏        | 121498/1019957 [01:35<57:50, 258.88it/s] 12%|█▏        | 121530/1019957 [01:35<55:15, 271.00it/s] 12%|█▏        | 121561/1019957 [01:36<53:24, 280.38it/s] 12%|█▏        | 121590/1019957 [01:36<54:16, 275.88it/s] 12%|█▏        | 121618/1019957 [01:36<1:00:05, 249.15it/s] 12%|█▏        | 121646/1019957 [01:36<59:22, 252.19it/s]   12%|█▏        | 121672/1019957 [01:36<1:01:46, 242.37it/s] 12%|█▏        | 121700/1019957 [01:36<59:32, 251.40it/s]   12%|█▏        | 121727/1019957 [01:36<59:30, 251.58it/s] 12%|█▏        | 121753/1019957 [01:36<59:48, 250.30it/s] 12%|█▏        | 121779/1019957 [01:36<59:57, 249.66it/s] 12%|█▏        | 121812/1019957 [01:37<55:55, 267.66it/s] 12%|█▏        | 121846/1019957 [01:37<52:30, 285.10it/s] 12%|█▏        | 121876/1019957 [01:37<52:00, 287.78it/s] 12%|█▏        | 121908/1019957 [01:37<52:55, 282.84it/s] 12%|█▏        | 121938/1019957 [01:37<52:03, 287.54it/s] 12%|█▏        | 121968/1019957 [01:37<51:35, 290.06it/s] 12%|█▏        | 122001/1019957 [01:37<50:14, 297.92it/s] 12%|█▏        | 122032/1019957 [01:37<50:17, 297.60it/s] 12%|█▏        | 122067/1019957 [01:37<48:11, 310.49it/s] 12%|█▏        | 122099/1019957 [01:38<52:25, 285.47it/s] 12%|█▏        | 122128/1019957 [01:38<56:49, 263.36it/s] 12%|█▏        | 122155/1019957 [01:38<58:57, 253.77it/s] 12%|█▏        | 122181/1019957 [01:38<1:01:39, 242.66it/s] 12%|█▏        | 122206/1019957 [01:38<1:02:14, 240.40it/s] 12%|█▏        | 122231/1019957 [01:38<1:01:57, 241.46it/s] 12%|█▏        | 122256/1019957 [01:38<1:06:06, 226.31it/s] 12%|█▏        | 122282/1019957 [01:38<1:03:46, 234.58it/s] 12%|█▏        | 122306/1019957 [01:38<1:06:12, 225.99it/s] 12%|█▏        | 122330/1019957 [01:39<1:06:13, 225.88it/s] 12%|█▏        | 122354/1019957 [01:39<1:05:24, 228.71it/s] 12%|█▏        | 122381/1019957 [01:39<1:02:33, 239.11it/s] 12%|█▏        | 122407/1019957 [01:39<1:02:44, 238.41it/s] 12%|█▏        | 122438/1019957 [01:39<58:11, 257.05it/s]   12%|█▏        | 122470/1019957 [01:39<55:05, 271.53it/s] 12%|█▏        | 122498/1019957 [01:39<58:57, 253.72it/s] 12%|█▏        | 122528/1019957 [01:39<58:04, 257.57it/s] 12%|█▏        | 122559/1019957 [01:39<56:16, 265.78it/s] 12%|█▏        | 122591/1019957 [01:40<54:32, 274.20it/s] 12%|█▏        | 122619/1019957 [01:40<55:32, 269.27it/s] 12%|█▏        | 122647/1019957 [01:40<1:01:47, 242.00it/s] 12%|█▏        | 122684/1019957 [01:40<54:40, 273.50it/s]   12%|█▏        | 122720/1019957 [01:40<50:44, 294.67it/s] 12%|█▏        | 122751/1019957 [01:40<54:45, 273.06it/s] 12%|█▏        | 122780/1019957 [01:40<55:27, 269.63it/s] 12%|█▏        | 122808/1019957 [01:40<56:35, 264.21it/s] 12%|█▏        | 122835/1019957 [01:40<57:03, 262.03it/s] 12%|█▏        | 122865/1019957 [01:41<56:29, 264.66it/s] 12%|█▏        | 122896/1019957 [01:41<53:57, 277.06it/s] 12%|█▏        | 122924/1019957 [01:41<1:00:07, 248.68it/s] 12%|█▏        | 122957/1019957 [01:41<57:39, 259.32it/s]   12%|█▏        | 122984/1019957 [01:41<57:37, 259.46it/s] 12%|█▏        | 123011/1019957 [01:41<57:50, 258.45it/s] 12%|█▏        | 123038/1019957 [01:41<57:47, 258.65it/s] 12%|█▏        | 123065/1019957 [01:41<1:03:12, 236.51it/s] 12%|█▏        | 123096/1019957 [01:42<1:01:45, 242.05it/s] 12%|█▏        | 123125/1019957 [01:42<58:54, 253.70it/s]   12%|█▏        | 123154/1019957 [01:42<56:44, 263.42it/s] 12%|█▏        | 123181/1019957 [01:42<1:01:19, 243.69it/s] 12%|█▏        | 123209/1019957 [01:42<59:11, 252.48it/s]   12%|█▏        | 123235/1019957 [01:42<1:00:16, 247.93it/s] 12%|█▏        | 123262/1019957 [01:42<59:57, 249.27it/s]   12%|█▏        | 123294/1019957 [01:42<57:59, 257.70it/s] 12%|█▏        | 123327/1019957 [01:42<54:08, 276.03it/s] 12%|█▏        | 123355/1019957 [01:43<59:00, 253.27it/s] 12%|█▏        | 123381/1019957 [01:43<58:49, 254.02it/s] 12%|█▏        | 123407/1019957 [01:43<58:54, 253.68it/s] 12%|█▏        | 123439/1019957 [01:43<58:35, 255.04it/s] 12%|█▏        | 123468/1019957 [01:43<56:29, 264.47it/s] 12%|█▏        | 123495/1019957 [01:43<1:02:25, 239.32it/s] 12%|█▏        | 123520/1019957 [01:43<1:04:34, 231.38it/s] 12%|█▏        | 123547/1019957 [01:43<1:02:25, 239.33it/s] 12%|█▏        | 123572/1019957 [01:43<1:04:25, 231.88it/s] 12%|█▏        | 123603/1019957 [01:44<1:00:09, 248.34it/s] 12%|█▏        | 123636/1019957 [01:44<56:20, 265.15it/s]   12%|█▏        | 123668/1019957 [01:44<54:46, 272.73it/s] 12%|█▏        | 123702/1019957 [01:44<51:30, 289.96it/s] 12%|█▏        | 123732/1019957 [01:44<54:30, 274.06it/s] 12%|█▏        | 123760/1019957 [01:44<56:11, 265.78it/s] 12%|█▏        | 123790/1019957 [01:44<54:55, 271.96it/s] 12%|█▏        | 123818/1019957 [01:44<57:34, 259.38it/s] 12%|█▏        | 123845/1019957 [01:44<59:23, 251.48it/s] 12%|█▏        | 123871/1019957 [01:45<1:00:14, 247.95it/s] 12%|█▏        | 123896/1019957 [01:45<1:01:37, 242.35it/s] 12%|█▏        | 123923/1019957 [01:45<1:00:34, 246.50it/s] 12%|█▏        | 123949/1019957 [01:45<1:00:04, 248.58it/s] 12%|█▏        | 123974/1019957 [01:45<1:01:09, 244.14it/s] 12%|█▏        | 123999/1019957 [01:45<1:04:07, 232.84it/s] 12%|█▏        | 124030/1019957 [01:45<1:00:29, 246.84it/s] 12%|█▏        | 124060/1019957 [01:45<57:08, 261.27it/s]   12%|█▏        | 124089/1019957 [01:45<55:39, 268.23it/s] 12%|█▏        | 124116/1019957 [01:45<56:10, 265.81it/s] 12%|█▏        | 124143/1019957 [01:46<56:22, 264.82it/s] 12%|█▏        | 124170/1019957 [01:46<59:51, 249.40it/s] 12%|█▏        | 124196/1019957 [01:46<1:02:13, 239.95it/s] 12%|█▏        | 124226/1019957 [01:46<58:40, 254.46it/s]   12%|█▏        | 124252/1019957 [01:46<1:01:43, 241.84it/s] 12%|█▏        | 124278/1019957 [01:46<1:00:28, 246.82it/s] 12%|█▏        | 124304/1019957 [01:46<1:00:13, 247.89it/s] 12%|█▏        | 124334/1019957 [01:46<56:56, 262.14it/s]   12%|█▏        | 124362/1019957 [01:46<55:59, 266.58it/s] 12%|█▏        | 124389/1019957 [01:47<56:42, 263.21it/s] 12%|█▏        | 124416/1019957 [01:47<58:54, 253.40it/s] 12%|█▏        | 124445/1019957 [01:47<57:40, 258.78it/s] 12%|█▏        | 124475/1019957 [01:47<57:24, 259.95it/s] 12%|█▏        | 124502/1019957 [01:47<59:02, 252.76it/s] 12%|█▏        | 124528/1019957 [01:47<1:03:56, 233.37it/s] 12%|█▏        | 124560/1019957 [01:47<58:27, 255.27it/s]   12%|█▏        | 124592/1019957 [01:47<56:46, 262.88it/s] 12%|█▏        | 124624/1019957 [01:47<54:54, 271.80it/s] 12%|█▏        | 124657/1019957 [01:48<53:24, 279.41it/s] 12%|█▏        | 124686/1019957 [01:48<56:46, 262.78it/s] 12%|█▏        | 124713/1019957 [01:48<58:33, 254.77it/s] 12%|█▏        | 124743/1019957 [01:48<57:08, 261.07it/s] 12%|█▏        | 124771/1019957 [01:48<57:05, 261.30it/s] 12%|█▏        | 124802/1019957 [01:48<54:40, 272.86it/s] 12%|█▏        | 124830/1019957 [01:48<58:52, 253.41it/s] 12%|█▏        | 124858/1019957 [01:48<57:38, 258.81it/s] 12%|█▏        | 124885/1019957 [01:48<58:44, 253.93it/s] 12%|█▏        | 124911/1019957 [01:49<59:52, 249.15it/s] 12%|█▏        | 124937/1019957 [01:49<59:35, 250.31it/s] 12%|█▏        | 124965/1019957 [01:49<59:21, 251.29it/s] 12%|█▏        | 124993/1019957 [01:49<58:31, 254.90it/s] 12%|█▏        | 125022/1019957 [01:49<56:31, 263.89it/s] 12%|█▏        | 125055/1019957 [01:49<52:48, 282.43it/s] 12%|█▏        | 125089/1019957 [01:49<50:17, 296.57it/s] 12%|█▏        | 125119/1019957 [01:49<55:58, 266.43it/s] 12%|█▏        | 125147/1019957 [01:49<59:27, 250.80it/s] 12%|█▏        | 125177/1019957 [01:50<1:00:40, 245.79it/s] 12%|█▏        | 125208/1019957 [01:50<57:36, 258.86it/s]   12%|█▏        | 125235/1019957 [01:50<58:08, 256.49it/s] 12%|█▏        | 125261/1019957 [01:50<58:16, 255.87it/s] 12%|█▏        | 125288/1019957 [01:50<58:03, 256.83it/s] 12%|█▏        | 125314/1019957 [01:50<59:25, 250.93it/s] 12%|█▏        | 125340/1019957 [01:50<1:04:59, 229.41it/s] 12%|█▏        | 125367/1019957 [01:50<1:02:07, 239.99it/s] 12%|█▏        | 125394/1019957 [01:50<1:00:33, 246.20it/s] 12%|█▏        | 125421/1019957 [01:51<59:39, 249.88it/s]   12%|█▏        | 125450/1019957 [01:51<57:10, 260.78it/s] 12%|█▏        | 125477/1019957 [01:51<58:57, 252.83it/s] 12%|█▏        | 125504/1019957 [01:51<58:00, 257.01it/s] 12%|█▏        | 125536/1019957 [01:51<55:19, 269.42it/s] 12%|█▏        | 125564/1019957 [01:51<57:43, 258.24it/s] 12%|█▏        | 125590/1019957 [01:51<1:03:07, 236.12it/s] 12%|█▏        | 125619/1019957 [01:51<1:00:00, 248.41it/s] 12%|█▏        | 125645/1019957 [01:51<1:00:59, 244.35it/s] 12%|█▏        | 125670/1019957 [01:52<1:02:05, 240.07it/s] 12%|█▏        | 125697/1019957 [01:52<1:00:04, 248.12it/s] 12%|█▏        | 125722/1019957 [01:52<1:00:07, 247.90it/s] 12%|█▏        | 125747/1019957 [01:52<1:04:54, 229.63it/s] 12%|█▏        | 125771/1019957 [01:52<1:05:02, 229.16it/s] 12%|█▏        | 125804/1019957 [01:52<59:35, 250.07it/s]   12%|█▏        | 125830/1019957 [01:52<59:23, 250.91it/s] 12%|█▏        | 125856/1019957 [01:52<1:03:38, 234.13it/s] 12%|█▏        | 125880/1019957 [01:52<1:04:33, 230.82it/s] 12%|█▏        | 125909/1019957 [01:53<1:00:58, 244.37it/s] 12%|█▏        | 125944/1019957 [01:53<55:13, 269.81it/s]   12%|█▏        | 125972/1019957 [01:53<59:06, 252.08it/s] 12%|█▏        | 125998/1019957 [01:53<1:01:41, 241.54it/s] 12%|█▏        | 126023/1019957 [01:53<1:01:35, 241.90it/s] 12%|█▏        | 126048/1019957 [01:53<1:02:47, 237.26it/s] 12%|█▏        | 126075/1019957 [01:53<1:00:35, 245.90it/s] 12%|█▏        | 126103/1019957 [01:53<58:24, 255.03it/s]   12%|█▏        | 126129/1019957 [01:53<1:01:02, 244.02it/s] 12%|█▏        | 126154/1019957 [01:54<1:02:15, 239.25it/s] 12%|█▏        | 126180/1019957 [01:54<1:00:55, 244.52it/s] 12%|█▏        | 126207/1019957 [01:54<1:02:14, 239.35it/s] 12%|█▏        | 126239/1019957 [01:54<58:06, 256.34it/s]   12%|█▏        | 126265/1019957 [01:54<1:00:40, 245.47it/s] 12%|█▏        | 126290/1019957 [01:54<1:01:01, 244.09it/s] 12%|█▏        | 126321/1019957 [01:54<57:01, 261.19it/s]   12%|█▏        | 126352/1019957 [01:54<55:01, 270.69it/s] 12%|█▏        | 126384/1019957 [01:54<53:25, 278.72it/s] 12%|█▏        | 126416/1019957 [01:55<52:22, 284.37it/s] 12%|█▏        | 126447/1019957 [01:55<51:07, 291.32it/s] 12%|█▏        | 126477/1019957 [01:55<53:39, 277.52it/s] 12%|█▏        | 126508/1019957 [01:55<52:40, 282.66it/s] 12%|█▏        | 126537/1019957 [01:55<56:01, 265.80it/s] 12%|█▏        | 126564/1019957 [01:55<58:50, 253.06it/s] 12%|█▏        | 126590/1019957 [01:55<59:26, 250.50it/s] 12%|█▏        | 126616/1019957 [01:55<1:00:20, 246.73it/s] 12%|█▏        | 126644/1019957 [01:55<58:31, 254.41it/s]   12%|█▏        | 126670/1019957 [01:56<1:03:45, 233.53it/s] 12%|█▏        | 126701/1019957 [01:56<59:30, 250.15it/s]   12%|█▏        | 126727/1019957 [01:56<1:02:56, 236.52it/s] 12%|█▏        | 126756/1019957 [01:56<1:03:53, 232.97it/s] 12%|█▏        | 126790/1019957 [01:56<57:26, 259.16it/s]   12%|█▏        | 126817/1019957 [01:56<58:18, 255.27it/s] 12%|█▏        | 126843/1019957 [01:56<58:03, 256.36it/s] 12%|█▏        | 126869/1019957 [01:56<1:01:03, 243.79it/s] 12%|█▏        | 126894/1019957 [01:56<1:04:33, 230.56it/s] 12%|█▏        | 126923/1019957 [01:57<1:00:22, 246.55it/s] 12%|█▏        | 126955/1019957 [01:57<55:50, 266.52it/s]   12%|█▏        | 126983/1019957 [01:57<55:17, 269.16it/s] 12%|█▏        | 127011/1019957 [01:57<55:52, 266.35it/s] 12%|█▏        | 127038/1019957 [01:57<56:46, 262.12it/s] 12%|█▏        | 127065/1019957 [01:57<59:11, 251.44it/s] 12%|█▏        | 127091/1019957 [01:57<1:01:02, 243.81it/s] 12%|█▏        | 127122/1019957 [01:57<57:08, 260.43it/s]   12%|█▏        | 127149/1019957 [01:57<59:29, 250.14it/s] 12%|█▏        | 127175/1019957 [01:58<1:02:16, 238.95it/s] 12%|█▏        | 127202/1019957 [01:58<1:01:17, 242.79it/s] 12%|█▏        | 127227/1019957 [01:58<1:02:35, 237.73it/s] 12%|█▏        | 127251/1019957 [01:58<1:05:14, 228.05it/s] 12%|█▏        | 127286/1019957 [01:58<57:46, 257.51it/s]   12%|█▏        | 127315/1019957 [01:58<56:03, 265.42it/s] 12%|█▏        | 127342/1019957 [01:58<1:01:53, 240.38it/s] 12%|█▏        | 127373/1019957 [01:58<58:03, 256.20it/s]   12%|█▏        | 127407/1019957 [01:58<54:09, 274.66it/s] 12%|█▏        | 127435/1019957 [01:59<54:17, 273.99it/s] 12%|█▏        | 127463/1019957 [01:59<56:07, 265.06it/s] 12%|█▏        | 127494/1019957 [01:59<54:35, 272.44it/s] 13%|█▎        | 127529/1019957 [01:59<51:09, 290.77it/s] 13%|█▎        | 127561/1019957 [01:59<50:11, 296.28it/s] 13%|█▎        | 127591/1019957 [01:59<50:09, 296.52it/s] 13%|█▎        | 127621/1019957 [01:59<51:52, 286.69it/s] 13%|█▎        | 127651/1019957 [01:59<52:17, 284.40it/s] 13%|█▎        | 127681/1019957 [01:59<52:14, 284.65it/s] 13%|█▎        | 127711/1019957 [02:00<51:40, 287.74it/s] 13%|█▎        | 127744/1019957 [02:00<50:36, 293.80it/s] 13%|█▎        | 127774/1019957 [02:00<50:24, 294.96it/s] 13%|█▎        | 127804/1019957 [02:00<50:34, 294.04it/s] 13%|█▎        | 127834/1019957 [02:00<51:19, 289.66it/s] 13%|█▎        | 127863/1019957 [02:00<56:11, 264.60it/s] 13%|█▎        | 127895/1019957 [02:00<54:39, 272.05it/s] 13%|█▎        | 127928/1019957 [02:00<53:08, 279.76it/s] 13%|█▎        | 127963/1019957 [02:00<49:45, 298.73it/s] 13%|█▎        | 127994/1019957 [02:01<49:58, 297.51it/s] 13%|█▎        | 128024/1019957 [02:01<50:30, 294.34it/s] 13%|█▎        | 128054/1019957 [02:01<55:08, 269.57it/s] 13%|█▎        | 128085/1019957 [02:01<53:12, 279.33it/s] 13%|█▎        | 128114/1019957 [02:01<53:22, 278.46it/s] 13%|█▎        | 128143/1019957 [02:01<54:17, 273.74it/s] 13%|█▎        | 128173/1019957 [02:01<55:05, 269.78it/s] 13%|█▎        | 128202/1019957 [02:01<54:20, 273.51it/s] 13%|█▎        | 128230/1019957 [02:01<56:17, 264.00it/s] 13%|█▎        | 128260/1019957 [02:01<54:27, 272.91it/s] 13%|█▎        | 128294/1019957 [02:02<51:17, 289.76it/s] 13%|█▎        | 128328/1019957 [02:02<49:38, 299.36it/s] 13%|█▎        | 128359/1019957 [02:02<50:41, 293.17it/s] 13%|█▎        | 128389/1019957 [02:02<51:49, 286.73it/s] 13%|█▎        | 128419/1019957 [02:02<51:18, 289.62it/s] 13%|█▎        | 128453/1019957 [02:02<50:12, 295.89it/s] 13%|█▎        | 128488/1019957 [02:02<49:08, 302.34it/s] 13%|█▎        | 128522/1019957 [02:02<48:52, 304.02it/s] 13%|█▎        | 128554/1019957 [02:02<49:19, 301.21it/s] 13%|█▎        | 128587/1019957 [02:03<48:20, 307.27it/s] 13%|█▎        | 128618/1019957 [02:03<50:50, 292.19it/s] 13%|█▎        | 128650/1019957 [02:03<51:11, 290.18it/s] 13%|█▎        | 128680/1019957 [02:03<52:59, 280.36it/s] 13%|█▎        | 128709/1019957 [02:03<53:14, 278.99it/s] 13%|█▎        | 128738/1019957 [02:03<53:07, 279.64it/s] 13%|█▎        | 128770/1019957 [02:03<51:04, 290.77it/s] 13%|█▎        | 128800/1019957 [02:03<52:11, 284.62it/s] 13%|█▎        | 128832/1019957 [02:03<50:47, 292.43it/s] 13%|█▎        | 128864/1019957 [02:04<49:45, 298.45it/s] 13%|█▎        | 128894/1019957 [02:04<51:00, 291.18it/s] 13%|█▎        | 128925/1019957 [02:04<50:59, 291.21it/s] 13%|█▎        | 128957/1019957 [02:04<50:04, 296.53it/s] 13%|█▎        | 128991/1019957 [02:04<48:23, 306.91it/s] 13%|█▎        | 129024/1019957 [02:04<48:12, 308.03it/s] 13%|█▎        | 129055/1019957 [02:04<51:24, 288.79it/s] 13%|█▎        | 129085/1019957 [02:04<54:51, 270.69it/s] 13%|█▎        | 129113/1019957 [02:04<56:40, 261.97it/s] 13%|█▎        | 129140/1019957 [02:05<57:16, 259.24it/s] 13%|█▎        | 129167/1019957 [02:05<56:40, 261.93it/s] 13%|█▎        | 129194/1019957 [02:05<59:34, 249.19it/s] 13%|█▎        | 129220/1019957 [02:05<1:02:00, 239.39it/s] 13%|█▎        | 129251/1019957 [02:05<59:43, 248.56it/s]   13%|█▎        | 129283/1019957 [02:05<58:44, 252.68it/s] 13%|█▎        | 129316/1019957 [02:05<54:19, 273.24it/s] 13%|█▎        | 129345/1019957 [02:05<53:33, 277.19it/s] 13%|█▎        | 129377/1019957 [02:05<51:33, 287.86it/s] 13%|█▎        | 129410/1019957 [02:06<49:53, 297.46it/s] 13%|█▎        | 129440/1019957 [02:06<49:55, 297.28it/s] 13%|█▎        | 129470/1019957 [02:06<50:24, 294.46it/s] 13%|█▎        | 129500/1019957 [02:06<53:13, 278.85it/s] 13%|█▎        | 129529/1019957 [02:06<52:39, 281.87it/s] 13%|█▎        | 129560/1019957 [02:06<53:17, 278.49it/s] 13%|█▎        | 129588/1019957 [02:06<53:46, 275.98it/s] 13%|█▎        | 129616/1019957 [02:06<55:44, 266.25it/s] 13%|█▎        | 129643/1019957 [02:06<56:40, 261.85it/s] 13%|█▎        | 129670/1019957 [02:07<58:53, 251.98it/s] 13%|█▎        | 129700/1019957 [02:07<55:56, 265.22it/s] 13%|█▎        | 129732/1019957 [02:07<53:09, 279.08it/s] 13%|█▎        | 129763/1019957 [02:07<51:50, 286.17it/s] 13%|█▎        | 129796/1019957 [02:07<50:07, 295.96it/s] 13%|█▎        | 129832/1019957 [02:07<48:03, 308.73it/s] 13%|█▎        | 129866/1019957 [02:07<46:47, 317.02it/s] 13%|█▎        | 129898/1019957 [02:07<48:35, 305.33it/s] 13%|█▎        | 129929/1019957 [02:07<49:34, 299.17it/s] 13%|█▎        | 129960/1019957 [02:07<54:39, 271.38it/s] 13%|█▎        | 129988/1019957 [02:08<58:59, 251.43it/s] 13%|█▎        | 130017/1019957 [02:08<56:56, 260.52it/s] 13%|█▎        | 130046/1019957 [02:08<55:40, 266.43it/s] 13%|█▎        | 130074/1019957 [02:08<55:09, 268.92it/s] 13%|█▎        | 130104/1019957 [02:08<56:02, 264.64it/s] 13%|█▎        | 130134/1019957 [02:08<54:02, 274.43it/s] 13%|█▎        | 130165/1019957 [02:08<52:11, 284.15it/s] 13%|█▎        | 130196/1019957 [02:08<51:36, 287.35it/s] 13%|█▎        | 130225/1019957 [02:08<51:37, 287.26it/s] 13%|█▎        | 130258/1019957 [02:09<49:54, 297.15it/s] 13%|█▎        | 130291/1019957 [02:09<48:24, 306.27it/s] 13%|█▎        | 130322/1019957 [02:09<48:50, 303.56it/s] 13%|█▎        | 130353/1019957 [02:09<52:02, 284.93it/s] 13%|█▎        | 130382/1019957 [02:09<55:09, 268.83it/s] 13%|█▎        | 130415/1019957 [02:09<54:54, 270.02it/s] 13%|█▎        | 130447/1019957 [02:09<53:40, 276.22it/s] 13%|█▎        | 130475/1019957 [02:09<58:26, 253.65it/s] 13%|█▎        | 130501/1019957 [02:09<1:00:48, 243.79it/s] 13%|█▎        | 130530/1019957 [02:10<57:59, 255.60it/s]   13%|█▎        | 130563/1019957 [02:10<54:01, 274.36it/s] 13%|█▎        | 130594/1019957 [02:10<52:25, 282.75it/s] 13%|█▎        | 130623/1019957 [02:10<53:09, 278.85it/s] 13%|█▎        | 130652/1019957 [02:10<54:15, 273.18it/s] 13%|█▎        | 130681/1019957 [02:10<55:28, 267.21it/s] 13%|█▎        | 130713/1019957 [02:10<53:47, 275.48it/s] 13%|█▎        | 130745/1019957 [02:10<51:30, 287.70it/s] 13%|█▎        | 130774/1019957 [02:10<51:43, 286.49it/s] 13%|█▎        | 130803/1019957 [02:11<56:10, 263.82it/s] 13%|█▎        | 130830/1019957 [02:11<56:11, 263.73it/s] 13%|█▎        | 130857/1019957 [02:11<57:07, 259.43it/s] 13%|█▎        | 130892/1019957 [02:11<52:23, 282.82it/s] 13%|█▎        | 130926/1019957 [02:11<49:35, 298.76it/s] 13%|█▎        | 130957/1019957 [02:11<55:11, 268.47it/s] 13%|█▎        | 130985/1019957 [02:11<56:56, 260.17it/s] 13%|█▎        | 131012/1019957 [02:11<59:28, 249.11it/s] 13%|█▎        | 131038/1019957 [02:11<1:01:10, 242.15it/s] 13%|█▎        | 131069/1019957 [02:12<57:53, 255.91it/s]   13%|█▎        | 131104/1019957 [02:12<54:39, 271.03it/s] 13%|█▎        | 131139/1019957 [02:12<51:04, 290.08it/s] 13%|█▎        | 131169/1019957 [02:12<52:17, 283.32it/s] 13%|█▎        | 131204/1019957 [02:12<49:21, 300.08it/s] 13%|█▎        | 131236/1019957 [02:12<48:47, 303.59it/s] 13%|█▎        | 131267/1019957 [02:12<52:47, 280.52it/s] 13%|█▎        | 131296/1019957 [02:12<55:52, 265.08it/s] 13%|█▎        | 131328/1019957 [02:12<52:56, 279.75it/s] 13%|█▎        | 131357/1019957 [02:13<52:52, 280.06it/s] 13%|█▎        | 131386/1019957 [02:13<54:29, 271.77it/s] 13%|█▎        | 131420/1019957 [02:13<51:53, 285.41it/s] 13%|█▎        | 131451/1019957 [02:13<51:32, 287.34it/s] 13%|█▎        | 131485/1019957 [02:13<49:55, 296.65it/s] 13%|█▎        | 131515/1019957 [02:13<51:20, 288.37it/s] 13%|█▎        | 131544/1019957 [02:13<51:40, 286.58it/s] 13%|█▎        | 131575/1019957 [02:13<51:20, 288.43it/s] 13%|█▎        | 131604/1019957 [02:13<51:24, 287.98it/s] 13%|█▎        | 131633/1019957 [02:14<54:38, 270.93it/s] 13%|█▎        | 131663/1019957 [02:14<55:11, 268.27it/s] 13%|█▎        | 131698/1019957 [02:14<50:53, 290.87it/s] 13%|█▎        | 131732/1019957 [02:14<49:48, 297.18it/s] 13%|█▎        | 131767/1019957 [02:14<47:50, 309.44it/s] 13%|█▎        | 131801/1019957 [02:14<46:31, 318.11it/s] 13%|█▎        | 131833/1019957 [02:14<46:54, 315.52it/s] 13%|█▎        | 131865/1019957 [02:14<48:44, 303.67it/s] 13%|█▎        | 131896/1019957 [02:14<48:57, 302.27it/s] 13%|█▎        | 131927/1019957 [02:15<49:18, 300.13it/s] 13%|█▎        | 131958/1019957 [02:15<51:36, 286.76it/s] 13%|█▎        | 131987/1019957 [02:15<51:39, 286.48it/s] 13%|█▎        | 132016/1019957 [02:15<51:50, 285.46it/s] 13%|█▎        | 132045/1019957 [02:15<52:43, 280.70it/s] 13%|█▎        | 132074/1019957 [02:15<53:28, 276.75it/s] 13%|█▎        | 132102/1019957 [02:15<54:07, 273.43it/s] 13%|█▎        | 132132/1019957 [02:15<53:59, 274.07it/s] 13%|█▎        | 132163/1019957 [02:15<52:12, 283.42it/s] 13%|█▎        | 132197/1019957 [02:15<50:13, 294.59it/s] 13%|█▎        | 132227/1019957 [02:16<54:47, 270.03it/s] 13%|█▎        | 132255/1019957 [02:16<58:05, 254.67it/s] 13%|█▎        | 132285/1019957 [02:16<57:45, 256.15it/s] 13%|█▎        | 132317/1019957 [02:16<55:30, 266.52it/s] 13%|█▎        | 132350/1019957 [02:16<53:07, 278.50it/s] 13%|█▎        | 132385/1019957 [02:16<50:24, 293.50it/s] 13%|█▎        | 132419/1019957 [02:16<48:20, 305.99it/s] 13%|█▎        | 132450/1019957 [02:16<49:39, 297.84it/s] 13%|█▎        | 132480/1019957 [02:17<55:50, 264.87it/s] 13%|█▎        | 132508/1019957 [02:17<57:16, 258.25it/s] 13%|█▎        | 132538/1019957 [02:17<55:17, 267.52it/s] 13%|█▎        | 132566/1019957 [02:17<1:00:28, 244.54it/s] 13%|█▎        | 132592/1019957 [02:17<1:00:07, 245.99it/s] 13%|█▎        | 132619/1019957 [02:17<58:37, 252.28it/s]   13%|█▎        | 132647/1019957 [02:17<57:49, 255.74it/s] 13%|█▎        | 132676/1019957 [02:17<56:36, 261.23it/s] 13%|█▎        | 132705/1019957 [02:17<55:24, 266.90it/s] 13%|█▎        | 132739/1019957 [02:18<52:23, 282.27it/s] 13%|█▎        | 132768/1019957 [02:18<54:34, 270.94it/s] 13%|█▎        | 132799/1019957 [02:18<52:27, 281.85it/s] 13%|█▎        | 132828/1019957 [02:18<53:54, 274.23it/s] 13%|█▎        | 132856/1019957 [02:18<53:35, 275.86it/s] 13%|█▎        | 132884/1019957 [02:18<53:33, 276.02it/s] 13%|█▎        | 132914/1019957 [02:18<53:42, 275.29it/s] 13%|█▎        | 132948/1019957 [02:18<50:58, 290.05it/s] 13%|█▎        | 132978/1019957 [02:18<51:39, 286.16it/s] 13%|█▎        | 133011/1019957 [02:18<49:57, 295.88it/s] 13%|█▎        | 133044/1019957 [02:19<48:58, 301.82it/s] 13%|█▎        | 133078/1019957 [02:19<47:23, 311.95it/s] 13%|█▎        | 133110/1019957 [02:19<47:15, 312.81it/s] 13%|█▎        | 133142/1019957 [02:19<47:41, 309.93it/s] 13%|█▎        | 133174/1019957 [02:19<53:14, 277.57it/s] 13%|█▎        | 133206/1019957 [02:19<51:49, 285.21it/s]Process ForkPoolWorker-24:
Process ForkPoolWorker-28:
Traceback (most recent call last):
Process ForkPoolWorker-11:
  File "/usr/lib/python3.10/multiprocessing/pool.py", line 131, in worker
    put((job, i, result))
  File "/usr/lib/python3.10/multiprocessing/queues.py", line 377, in put
    self._writer.send_bytes(obj)
  File "/usr/lib/python3.10/multiprocessing/connection.py", line 200, in send_bytes
    self._send_bytes(m[offset:offset + size])
  File "/usr/lib/python3.10/multiprocessing/connection.py", line 411, in _send_bytes
    self._send(header + buf)
  File "/usr/lib/python3.10/multiprocessing/connection.py", line 368, in _send
    n = write(self._handle, buf)
BrokenPipeError: [Errno 32] Broken pipe

During handling of the above exception, another exception occurred:

Traceback (most recent call last):
  File "/usr/lib/python3.10/multiprocessing/process.py", line 314, in _bootstrap
    self.run()
  File "/usr/lib/python3.10/multiprocessing/process.py", line 108, in run
    self._target(*self._args, **self._kwargs)
  File "/usr/lib/python3.10/multiprocessing/pool.py", line 136, in worker
    put((job, i, (False, wrapped)))
  File "/usr/lib/python3.10/multiprocessing/queues.py", line 377, in put
    self._writer.send_bytes(obj)
  File "/usr/lib/python3.10/multiprocessing/connection.py", line 200, in send_bytes
    self._send_bytes(m[offset:offset + size])
  File "/usr/lib/python3.10/multiprocessing/connection.py", line 411, in _send_bytes
    self._send(header + buf)
  File "/usr/lib/python3.10/multiprocessing/connection.py", line 368, in _send
    n = write(self._handle, buf)
BrokenPipeError: [Errno 32] Broken pipe
Traceback (most recent call last):
  File "/usr/lib/python3.10/multiprocessing/pool.py", line 131, in worker
    put((job, i, result))
  File "/usr/lib/python3.10/multiprocessing/queues.py", line 377, in put
    self._writer.send_bytes(obj)
  File "/usr/lib/python3.10/multiprocessing/connection.py", line 200, in send_bytes
    self._send_bytes(m[offset:offset + size])
  File "/usr/lib/python3.10/multiprocessing/connection.py", line 411, in _send_bytes
    self._send(header + buf)
Traceback (most recent call last):
  File "/usr/lib/python3.10/multiprocessing/connection.py", line 368, in _send
    n = write(self._handle, buf)
BrokenPipeError: [Errno 32] Broken pipe

During handling of the above exception, another exception occurred:

Traceback (most recent call last):
  File "/usr/lib/python3.10/multiprocessing/pool.py", line 131, in worker
    put((job, i, result))
  File "/usr/lib/python3.10/multiprocessing/process.py", line 314, in _bootstrap
    self.run()
  File "/usr/lib/python3.10/multiprocessing/queues.py", line 377, in put
    self._writer.send_bytes(obj)
  File "/usr/lib/python3.10/multiprocessing/process.py", line 108, in run
    self._target(*self._args, **self._kwargs)
  File "/usr/lib/python3.10/multiprocessing/connection.py", line 200, in send_bytes
    self._send_bytes(m[offset:offset + size])
  File "/usr/lib/python3.10/multiprocessing/pool.py", line 136, in worker
    put((job, i, (False, wrapped)))
  File "/usr/lib/python3.10/multiprocessing/connection.py", line 411, in _send_bytes
    self._send(header + buf)
  File "/usr/lib/python3.10/multiprocessing/queues.py", line 377, in put
    self._writer.send_bytes(obj)
  File "/usr/lib/python3.10/multiprocessing/connection.py", line 368, in _send
    n = write(self._handle, buf)
  File "/usr/lib/python3.10/multiprocessing/connection.py", line 200, in send_bytes
    self._send_bytes(m[offset:offset + size])
  File "/usr/lib/python3.10/multiprocessing/connection.py", line 411, in _send_bytes
    self._send(header + buf)
  File "/usr/lib/python3.10/multiprocessing/connection.py", line 368, in _send
    n = write(self._handle, buf)
BrokenPipeError: [Errno 32] Broken pipe
BrokenPipeError: [Errno 32] Broken pipe

During handling of the above exception, another exception occurred:

Traceback (most recent call last):
  File "/usr/lib/python3.10/multiprocessing/process.py", line 314, in _bootstrap
    self.run()
  File "/usr/lib/python3.10/multiprocessing/process.py", line 108, in run
    self._target(*self._args, **self._kwargs)
  File "/usr/lib/python3.10/multiprocessing/pool.py", line 136, in worker
    put((job, i, (False, wrapped)))
  File "/usr/lib/python3.10/multiprocessing/queues.py", line 377, in put
    self._writer.send_bytes(obj)
  File "/usr/lib/python3.10/multiprocessing/connection.py", line 200, in send_bytes
    self._send_bytes(m[offset:offset + size])
  File "/usr/lib/python3.10/multiprocessing/connection.py", line 411, in _send_bytes
    self._send(header + buf)
  File "/usr/lib/python3.10/multiprocessing/connection.py", line 368, in _send
    n = write(self._handle, buf)
BrokenPipeError: [Errno 32] Broken pipe
Process ForkPoolWorker-29:
Process ForkPoolWorker-2:
Process ForkPoolWorker-20:
Process ForkPoolWorker-19:
Process ForkPoolWorker-31:
Process ForkPoolWorker-7:
Traceback (most recent call last):
  File "/usr/lib/python3.10/multiprocessing/pool.py", line 131, in worker
    put((job, i, result))
  File "/usr/lib/python3.10/multiprocessing/queues.py", line 377, in put
    self._writer.send_bytes(obj)
  File "/usr/lib/python3.10/multiprocessing/connection.py", line 200, in send_bytes
    self._send_bytes(m[offset:offset + size])
  File "/usr/lib/python3.10/multiprocessing/connection.py", line 411, in _send_bytes
    self._send(header + buf)
  File "/usr/lib/python3.10/multiprocessing/connection.py", line 368, in _send
    n = write(self._handle, buf)
BrokenPipeError: [Errno 32] Broken pipe
Traceback (most recent call last):

During handling of the above exception, another exception occurred:

Traceback (most recent call last):
Traceback (most recent call last):
  File "/usr/lib/python3.10/multiprocessing/process.py", line 314, in _bootstrap
    self.run()
  File "/usr/lib/python3.10/multiprocessing/process.py", line 108, in run
    self._target(*self._args, **self._kwargs)
  File "/usr/lib/python3.10/multiprocessing/pool.py", line 136, in worker
    put((job, i, (False, wrapped)))
  File "/usr/lib/python3.10/multiprocessing/queues.py", line 377, in put
    self._writer.send_bytes(obj)
  File "/usr/lib/python3.10/multiprocessing/pool.py", line 131, in worker
    put((job, i, result))
  File "/usr/lib/python3.10/multiprocessing/connection.py", line 200, in send_bytes
    self._send_bytes(m[offset:offset + size])
  File "/usr/lib/python3.10/multiprocessing/pool.py", line 131, in worker
    put((job, i, result))
  File "/usr/lib/python3.10/multiprocessing/queues.py", line 377, in put
    self._writer.send_bytes(obj)
  File "/usr/lib/python3.10/multiprocessing/connection.py", line 411, in _send_bytes
    self._send(header + buf)
  File "/usr/lib/python3.10/multiprocessing/queues.py", line 377, in put
    self._writer.send_bytes(obj)
  File "/usr/lib/python3.10/multiprocessing/connection.py", line 200, in send_bytes
    self._send_bytes(m[offset:offset + size])
  File "/usr/lib/python3.10/multiprocessing/connection.py", line 368, in _send
    n = write(self._handle, buf)
  File "/usr/lib/python3.10/multiprocessing/connection.py", line 200, in send_bytes
    self._send_bytes(m[offset:offset + size])
  File "/usr/lib/python3.10/multiprocessing/connection.py", line 411, in _send_bytes
    self._send(header + buf)
BrokenPipeError: [Errno 32] Broken pipe
  File "/usr/lib/python3.10/multiprocessing/connection.py", line 411, in _send_bytes
    self._send(header + buf)
  File "/usr/lib/python3.10/multiprocessing/connection.py", line 368, in _send
    n = write(self._handle, buf)
  File "/usr/lib/python3.10/multiprocessing/connection.py", line 368, in _send
    n = write(self._handle, buf)
BrokenPipeError: [Errno 32] Broken pipe

During handling of the above exception, another exception occurred:

BrokenPipeError: [Errno 32] Broken pipe
Traceback (most recent call last):

During handling of the above exception, another exception occurred:

Traceback (most recent call last):
  File "/usr/lib/python3.10/multiprocessing/process.py", line 314, in _bootstrap
    self.run()
  File "/usr/lib/python3.10/multiprocessing/process.py", line 108, in run
    self._target(*self._args, **self._kwargs)
  File "/usr/lib/python3.10/multiprocessing/process.py", line 314, in _bootstrap
    self.run()
  File "/usr/lib/python3.10/multiprocessing/pool.py", line 136, in worker
    put((job, i, (False, wrapped)))
  File "/usr/lib/python3.10/multiprocessing/process.py", line 108, in run
    self._target(*self._args, **self._kwargs)
  File "/usr/lib/python3.10/multiprocessing/queues.py", line 377, in put
    self._writer.send_bytes(obj)
  File "/usr/lib/python3.10/multiprocessing/pool.py", line 136, in worker
    put((job, i, (False, wrapped)))
  File "/usr/lib/python3.10/multiprocessing/connection.py", line 200, in send_bytes
    self._send_bytes(m[offset:offset + size])
  File "/usr/lib/python3.10/multiprocessing/queues.py", line 377, in put
    self._writer.send_bytes(obj)
  File "/usr/lib/python3.10/multiprocessing/connection.py", line 411, in _send_bytes
    self._send(header + buf)
  File "/usr/lib/python3.10/multiprocessing/connection.py", line 368, in _send
    n = write(self._handle, buf)
  File "/usr/lib/python3.10/multiprocessing/connection.py", line 200, in send_bytes
    self._send_bytes(m[offset:offset + size])
  File "/usr/lib/python3.10/multiprocessing/connection.py", line 411, in _send_bytes
    self._send(header + buf)
BrokenPipeError: [Errno 32] Broken pipe
  File "/usr/lib/python3.10/multiprocessing/connection.py", line 368, in _send
    n = write(self._handle, buf)
BrokenPipeError: [Errno 32] Broken pipe
Traceback (most recent call last):
  File "/usr/lib/python3.10/multiprocessing/pool.py", line 131, in worker
    put((job, i, result))
  File "/usr/lib/python3.10/multiprocessing/queues.py", line 377, in put
    self._writer.send_bytes(obj)
  File "/usr/lib/python3.10/multiprocessing/connection.py", line 200, in send_bytes
    self._send_bytes(m[offset:offset + size])
  File "/usr/lib/python3.10/multiprocessing/connection.py", line 411, in _send_bytes
    self._send(header + buf)
  File "/usr/lib/python3.10/multiprocessing/connection.py", line 368, in _send
    n = write(self._handle, buf)
BrokenPipeError: [Errno 32] Broken pipe

During handling of the above exception, another exception occurred:

Traceback (most recent call last):
  File "/usr/lib/python3.10/multiprocessing/process.py", line 314, in _bootstrap
    self.run()
  File "/usr/lib/python3.10/multiprocessing/process.py", line 108, in run
    self._target(*self._args, **self._kwargs)
  File "/usr/lib/python3.10/multiprocessing/pool.py", line 136, in worker
    put((job, i, (False, wrapped)))
  File "/usr/lib/python3.10/multiprocessing/queues.py", line 377, in put
    self._writer.send_bytes(obj)
Traceback (most recent call last):
  File "/usr/lib/python3.10/multiprocessing/connection.py", line 200, in send_bytes
    self._send_bytes(m[offset:offset + size])
  File "/usr/lib/python3.10/multiprocessing/connection.py", line 411, in _send_bytes
    self._send(header + buf)
  File "/usr/lib/python3.10/multiprocessing/connection.py", line 368, in _send
    n = write(self._handle, buf)
BrokenPipeError: [Errno 32] Broken pipe
  File "/usr/lib/python3.10/multiprocessing/pool.py", line 131, in worker
    put((job, i, result))
  File "/usr/lib/python3.10/multiprocessing/queues.py", line 377, in put
    self._writer.send_bytes(obj)
  File "/usr/lib/python3.10/multiprocessing/connection.py", line 200, in send_bytes
    self._send_bytes(m[offset:offset + size])
  File "/usr/lib/python3.10/multiprocessing/connection.py", line 411, in _send_bytes
    self._send(header + buf)
  File "/usr/lib/python3.10/multiprocessing/connection.py", line 368, in _send
    n = write(self._handle, buf)
BrokenPipeError: [Errno 32] Broken pipe

During handling of the above exception, another exception occurred:

Traceback (most recent call last):
Traceback (most recent call last):
  File "/usr/lib/python3.10/multiprocessing/process.py", line 314, in _bootstrap
    self.run()
  File "/usr/lib/python3.10/multiprocessing/process.py", line 108, in run
    self._target(*self._args, **self._kwargs)
  File "/usr/lib/python3.10/multiprocessing/pool.py", line 136, in worker
    put((job, i, (False, wrapped)))
  File "/usr/lib/python3.10/multiprocessing/queues.py", line 377, in put
    self._writer.send_bytes(obj)
  File "/usr/lib/python3.10/multiprocessing/connection.py", line 200, in send_bytes
    self._send_bytes(m[offset:offset + size])
  File "/usr/lib/python3.10/multiprocessing/connection.py", line 411, in _send_bytes
    self._send(header + buf)
  File "/usr/lib/python3.10/multiprocessing/connection.py", line 368, in _send
    n = write(self._handle, buf)
  File "/usr/lib/python3.10/multiprocessing/pool.py", line 131, in worker
    put((job, i, result))
BrokenPipeError: [Errno 32] Broken pipe
  File "/usr/lib/python3.10/multiprocessing/queues.py", line 377, in put
    self._writer.send_bytes(obj)
  File "/usr/lib/python3.10/multiprocessing/connection.py", line 200, in send_bytes
    self._send_bytes(m[offset:offset + size])
  File "/usr/lib/python3.10/multiprocessing/connection.py", line 411, in _send_bytes
    self._send(header + buf)
  File "/usr/lib/python3.10/multiprocessing/connection.py", line 368, in _send
    n = write(self._handle, buf)
BrokenPipeError: [Errno 32] Broken pipe

During handling of the above exception, another exception occurred:

Traceback (most recent call last):
  File "/usr/lib/python3.10/multiprocessing/process.py", line 314, in _bootstrap
    self.run()
  File "/usr/lib/python3.10/multiprocessing/process.py", line 108, in run
    self._target(*self._args, **self._kwargs)
  File "/usr/lib/python3.10/multiprocessing/pool.py", line 136, in worker
    put((job, i, (False, wrapped)))
  File "/usr/lib/python3.10/multiprocessing/queues.py", line 377, in put
    self._writer.send_bytes(obj)
  File "/usr/lib/python3.10/multiprocessing/connection.py", line 200, in send_bytes
    self._send_bytes(m[offset:offset + size])
  File "/usr/lib/python3.10/multiprocessing/connection.py", line 411, in _send_bytes
    self._send(header + buf)
  File "/usr/lib/python3.10/multiprocessing/connection.py", line 368, in _send
    n = write(self._handle, buf)
BrokenPipeError: [Errno 32] Broken pipe
Process ForkPoolWorker-16:
Process ForkPoolWorker-6:
Traceback (most recent call last):
Process ForkPoolWorker-27:
Process ForkPoolWorker-14:
Traceback (most recent call last):
Process ForkPoolWorker-10:
Process ForkPoolWorker-13:
  File "/usr/lib/python3.10/multiprocessing/pool.py", line 131, in worker
    put((job, i, result))
  File "/usr/lib/python3.10/multiprocessing/queues.py", line 377, in put
    self._writer.send_bytes(obj)
Process ForkPoolWorker-9:
  File "/usr/lib/python3.10/multiprocessing/pool.py", line 131, in worker
    put((job, i, result))
  File "/usr/lib/python3.10/multiprocessing/connection.py", line 200, in send_bytes
    self._send_bytes(m[offset:offset + size])
  File "/usr/lib/python3.10/multiprocessing/queues.py", line 377, in put
    self._writer.send_bytes(obj)
  File "/usr/lib/python3.10/multiprocessing/connection.py", line 411, in _send_bytes
    self._send(header + buf)
Process ForkPoolWorker-12:
  File "/usr/lib/python3.10/multiprocessing/connection.py", line 200, in send_bytes
    self._send_bytes(m[offset:offset + size])
  File "/usr/lib/python3.10/multiprocessing/connection.py", line 368, in _send
    n = write(self._handle, buf)
  File "/usr/lib/python3.10/multiprocessing/connection.py", line 411, in _send_bytes
    self._send(header + buf)
  File "/usr/lib/python3.10/multiprocessing/connection.py", line 368, in _send
    n = write(self._handle, buf)
Process ForkPoolWorker-22:
BrokenPipeError: [Errno 32] Broken pipe
BrokenPipeError: [Errno 32] Broken pipe

During handling of the above exception, another exception occurred:


During handling of the above exception, another exception occurred:

Process ForkPoolWorker-21:
Traceback (most recent call last):
Traceback (most recent call last):
Process ForkPoolWorker-5:
  File "/usr/lib/python3.10/multiprocessing/process.py", line 314, in _bootstrap
    self.run()
  File "/usr/lib/python3.10/multiprocessing/process.py", line 314, in _bootstrap
    self.run()
  File "/usr/lib/python3.10/multiprocessing/process.py", line 108, in run
    self._target(*self._args, **self._kwargs)
  File "/usr/lib/python3.10/multiprocessing/process.py", line 108, in run
    self._target(*self._args, **self._kwargs)
  File "/usr/lib/python3.10/multiprocessing/pool.py", line 136, in worker
    put((job, i, (False, wrapped)))
  File "/usr/lib/python3.10/multiprocessing/pool.py", line 136, in worker
    put((job, i, (False, wrapped)))
Process ForkPoolWorker-1:
  File "/usr/lib/python3.10/multiprocessing/queues.py", line 377, in put
    self._writer.send_bytes(obj)
  File "/usr/lib/python3.10/multiprocessing/queues.py", line 377, in put
    self._writer.send_bytes(obj)
  File "/usr/lib/python3.10/multiprocessing/connection.py", line 200, in send_bytes
    self._send_bytes(m[offset:offset + size])
Traceback (most recent call last):
  File "/usr/lib/python3.10/multiprocessing/connection.py", line 200, in send_bytes
    self._send_bytes(m[offset:offset + size])
  File "/usr/lib/python3.10/multiprocessing/connection.py", line 411, in _send_bytes
    self._send(header + buf)
  File "/usr/lib/python3.10/multiprocessing/connection.py", line 411, in _send_bytes
    self._send(header + buf)
  File "/usr/lib/python3.10/multiprocessing/connection.py", line 368, in _send
    n = write(self._handle, buf)
  File "/usr/lib/python3.10/multiprocessing/connection.py", line 368, in _send
    n = write(self._handle, buf)
BrokenPipeError: [Errno 32] Broken pipe
Process ForkPoolWorker-23:
BrokenPipeError: [Errno 32] Broken pipe
  File "/usr/lib/python3.10/multiprocessing/pool.py", line 131, in worker
    put((job, i, result))
  File "/usr/lib/python3.10/multiprocessing/queues.py", line 377, in put
    self._writer.send_bytes(obj)
  File "/usr/lib/python3.10/multiprocessing/connection.py", line 200, in send_bytes
    self._send_bytes(m[offset:offset + size])
  File "/usr/lib/python3.10/multiprocessing/connection.py", line 411, in _send_bytes
    self._send(header + buf)
  File "/usr/lib/python3.10/multiprocessing/connection.py", line 368, in _send
    n = write(self._handle, buf)
BrokenPipeError: [Errno 32] Broken pipe

During handling of the above exception, another exception occurred:

Traceback (most recent call last):
  File "/usr/lib/python3.10/multiprocessing/process.py", line 314, in _bootstrap
    self.run()
  File "/usr/lib/python3.10/multiprocessing/process.py", line 108, in run
    self._target(*self._args, **self._kwargs)
  File "/usr/lib/python3.10/multiprocessing/pool.py", line 136, in worker
    put((job, i, (False, wrapped)))
  File "/usr/lib/python3.10/multiprocessing/queues.py", line 377, in put
    self._writer.send_bytes(obj)
  File "/usr/lib/python3.10/multiprocessing/connection.py", line 200, in send_bytes
    self._send_bytes(m[offset:offset + size])
  File "/usr/lib/python3.10/multiprocessing/connection.py", line 411, in _send_bytes
    self._send(header + buf)
  File "/usr/lib/python3.10/multiprocessing/connection.py", line 368, in _send
    n = write(self._handle, buf)
BrokenPipeError: [Errno 32] Broken pipe
Traceback (most recent call last):
  File "/usr/lib/python3.10/multiprocessing/pool.py", line 131, in worker
    put((job, i, result))
  File "/usr/lib/python3.10/multiprocessing/queues.py", line 377, in put
    self._writer.send_bytes(obj)
  File "/usr/lib/python3.10/multiprocessing/connection.py", line 200, in send_bytes
    self._send_bytes(m[offset:offset + size])
  File "/usr/lib/python3.10/multiprocessing/connection.py", line 411, in _send_bytes
    self._send(header + buf)
  File "/usr/lib/python3.10/multiprocessing/connection.py", line 368, in _send
    n = write(self._handle, buf)
BrokenPipeError: [Errno 32] Broken pipe

During handling of the above exception, another exception occurred:

Traceback (most recent call last):
  File "/usr/lib/python3.10/multiprocessing/process.py", line 314, in _bootstrap
    self.run()
  File "/usr/lib/python3.10/multiprocessing/process.py", line 108, in run
    self._target(*self._args, **self._kwargs)
  File "/usr/lib/python3.10/multiprocessing/pool.py", line 136, in worker
    put((job, i, (False, wrapped)))
  File "/usr/lib/python3.10/multiprocessing/queues.py", line 377, in put
    self._writer.send_bytes(obj)
Traceback (most recent call last):
  File "/usr/lib/python3.10/multiprocessing/connection.py", line 200, in send_bytes
    self._send_bytes(m[offset:offset + size])
  File "/usr/lib/python3.10/multiprocessing/connection.py", line 411, in _send_bytes
    self._send(header + buf)
  File "/usr/lib/python3.10/multiprocessing/connection.py", line 368, in _send
    n = write(self._handle, buf)
BrokenPipeError: [Errno 32] Broken pipe
Traceback (most recent call last):
  File "/usr/lib/python3.10/multiprocessing/pool.py", line 131, in worker
    put((job, i, result))
  File "/usr/lib/python3.10/multiprocessing/queues.py", line 377, in put
    self._writer.send_bytes(obj)
  File "/usr/lib/python3.10/multiprocessing/connection.py", line 200, in send_bytes
    self._send_bytes(m[offset:offset + size])
  File "/usr/lib/python3.10/multiprocessing/connection.py", line 411, in _send_bytes
    self._send(header + buf)
  File "/usr/lib/python3.10/multiprocessing/connection.py", line 368, in _send
    n = write(self._handle, buf)
BrokenPipeError: [Errno 32] Broken pipe

During handling of the above exception, another exception occurred:

  File "/usr/lib/python3.10/multiprocessing/pool.py", line 131, in worker
    put((job, i, result))
Traceback (most recent call last):
  File "/usr/lib/python3.10/multiprocessing/queues.py", line 377, in put
    self._writer.send_bytes(obj)
  File "/usr/lib/python3.10/multiprocessing/connection.py", line 200, in send_bytes
    self._send_bytes(m[offset:offset + size])
  File "/usr/lib/python3.10/multiprocessing/connection.py", line 411, in _send_bytes
    self._send(header + buf)
  File "/usr/lib/python3.10/multiprocessing/connection.py", line 368, in _send
    n = write(self._handle, buf)
Traceback (most recent call last):
BrokenPipeError: [Errno 32] Broken pipe
  File "/usr/lib/python3.10/multiprocessing/process.py", line 314, in _bootstrap
    self.run()
  File "/usr/lib/python3.10/multiprocessing/process.py", line 108, in run
    self._target(*self._args, **self._kwargs)

During handling of the above exception, another exception occurred:

Traceback (most recent call last):
  File "/usr/lib/python3.10/multiprocessing/pool.py", line 136, in worker
    put((job, i, (False, wrapped)))
  File "/usr/lib/python3.10/multiprocessing/pool.py", line 131, in worker
    put((job, i, result))
Traceback (most recent call last):
  File "/usr/lib/python3.10/multiprocessing/queues.py", line 377, in put
    self._writer.send_bytes(obj)
  File "/usr/lib/python3.10/multiprocessing/queues.py", line 377, in put
    self._writer.send_bytes(obj)
  File "/usr/lib/python3.10/multiprocessing/connection.py", line 200, in send_bytes
    self._send_bytes(m[offset:offset + size])
  File "/usr/lib/python3.10/multiprocessing/connection.py", line 200, in send_bytes
    self._send_bytes(m[offset:offset + size])
  File "/usr/lib/python3.10/multiprocessing/process.py", line 314, in _bootstrap
    self.run()
  File "/usr/lib/python3.10/multiprocessing/connection.py", line 411, in _send_bytes
    self._send(header + buf)
  File "/usr/lib/python3.10/multiprocessing/connection.py", line 411, in _send_bytes
    self._send(header + buf)
  File "/usr/lib/python3.10/multiprocessing/process.py", line 108, in run
    self._target(*self._args, **self._kwargs)
  File "/usr/lib/python3.10/multiprocessing/connection.py", line 368, in _send
    n = write(self._handle, buf)
  File "/usr/lib/python3.10/multiprocessing/connection.py", line 368, in _send
    n = write(self._handle, buf)
  File "/usr/lib/python3.10/multiprocessing/pool.py", line 136, in worker
    put((job, i, (False, wrapped)))
  File "/usr/lib/python3.10/multiprocessing/queues.py", line 377, in put
    self._writer.send_bytes(obj)
  File "/usr/lib/python3.10/multiprocessing/pool.py", line 131, in worker
    put((job, i, result))
BrokenPipeError: [Errno 32] Broken pipe
BrokenPipeError: [Errno 32] Broken pipe
  File "/usr/lib/python3.10/multiprocessing/connection.py", line 200, in send_bytes
    self._send_bytes(m[offset:offset + size])
  File "/usr/lib/python3.10/multiprocessing/queues.py", line 377, in put
    self._writer.send_bytes(obj)

During handling of the above exception, another exception occurred:

  File "/usr/lib/python3.10/multiprocessing/connection.py", line 411, in _send_bytes
    self._send(header + buf)
  File "/usr/lib/python3.10/multiprocessing/connection.py", line 200, in send_bytes
    self._send_bytes(m[offset:offset + size])
Traceback (most recent call last):
  File "/usr/lib/python3.10/multiprocessing/connection.py", line 411, in _send_bytes
    self._send(header + buf)
  File "/usr/lib/python3.10/multiprocessing/connection.py", line 368, in _send
    n = write(self._handle, buf)
  File "/usr/lib/python3.10/multiprocessing/connection.py", line 368, in _send
    n = write(self._handle, buf)
BrokenPipeError: [Errno 32] Broken pipe
  File "/usr/lib/python3.10/multiprocessing/process.py", line 314, in _bootstrap
    self.run()
BrokenPipeError: [Errno 32] Broken pipe
  File "/usr/lib/python3.10/multiprocessing/process.py", line 108, in run
    self._target(*self._args, **self._kwargs)
  File "/usr/lib/python3.10/multiprocessing/pool.py", line 136, in worker
    put((job, i, (False, wrapped)))

During handling of the above exception, another exception occurred:

  File "/usr/lib/python3.10/multiprocessing/queues.py", line 377, in put
    self._writer.send_bytes(obj)
Traceback (most recent call last):
Traceback (most recent call last):
  File "/usr/lib/python3.10/multiprocessing/connection.py", line 200, in send_bytes
    self._send_bytes(m[offset:offset + size])
  File "/usr/lib/python3.10/multiprocessing/connection.py", line 411, in _send_bytes
    self._send(header + buf)
  File "/usr/lib/python3.10/multiprocessing/connection.py", line 368, in _send
    n = write(self._handle, buf)
BrokenPipeError: [Errno 32] Broken pipe
  File "/usr/lib/python3.10/multiprocessing/process.py", line 314, in _bootstrap
    self.run()
  File "/usr/lib/python3.10/multiprocessing/process.py", line 108, in run
    self._target(*self._args, **self._kwargs)
  File "/usr/lib/python3.10/multiprocessing/pool.py", line 136, in worker
    put((job, i, (False, wrapped)))
  File "/usr/lib/python3.10/multiprocessing/queues.py", line 377, in put
    self._writer.send_bytes(obj)
  File "/usr/lib/python3.10/multiprocessing/pool.py", line 131, in worker
    put((job, i, result))
  File "/usr/lib/python3.10/multiprocessing/connection.py", line 200, in send_bytes
    self._send_bytes(m[offset:offset + size])
Traceback (most recent call last):
  File "/usr/lib/python3.10/multiprocessing/queues.py", line 377, in put
    self._writer.send_bytes(obj)
  File "/usr/lib/python3.10/multiprocessing/connection.py", line 411, in _send_bytes
    self._send(header + buf)
Traceback (most recent call last):
  File "/usr/lib/python3.10/multiprocessing/connection.py", line 200, in send_bytes
    self._send_bytes(m[offset:offset + size])
  File "/usr/lib/python3.10/multiprocessing/connection.py", line 368, in _send
    n = write(self._handle, buf)
  File "/usr/lib/python3.10/multiprocessing/connection.py", line 411, in _send_bytes
    self._send(header + buf)
BrokenPipeError: [Errno 32] Broken pipe
  File "/usr/lib/python3.10/multiprocessing/pool.py", line 131, in worker
    put((job, i, result))
  File "/usr/lib/python3.10/multiprocessing/connection.py", line 368, in _send
    n = write(self._handle, buf)
  File "/usr/lib/python3.10/multiprocessing/queues.py", line 377, in put
    self._writer.send_bytes(obj)
  File "/usr/lib/python3.10/multiprocessing/connection.py", line 200, in send_bytes
    self._send_bytes(m[offset:offset + size])
BrokenPipeError: [Errno 32] Broken pipe
  File "/usr/lib/python3.10/multiprocessing/connection.py", line 411, in _send_bytes
    self._send(header + buf)
  File "/usr/lib/python3.10/multiprocessing/pool.py", line 131, in worker
    put((job, i, result))
  File "/usr/lib/python3.10/multiprocessing/queues.py", line 377, in put
    self._writer.send_bytes(obj)

During handling of the above exception, another exception occurred:

  File "/usr/lib/python3.10/multiprocessing/connection.py", line 368, in _send
    n = write(self._handle, buf)
  File "/usr/lib/python3.10/multiprocessing/connection.py", line 200, in send_bytes
    self._send_bytes(m[offset:offset + size])
Traceback (most recent call last):
  File "/usr/lib/python3.10/multiprocessing/connection.py", line 411, in _send_bytes
    self._send(header + buf)
BrokenPipeError: [Errno 32] Broken pipe
  File "/usr/lib/python3.10/multiprocessing/connection.py", line 368, in _send
    n = write(self._handle, buf)
Traceback (most recent call last):

During handling of the above exception, another exception occurred:

  File "/usr/lib/python3.10/multiprocessing/process.py", line 314, in _bootstrap
    self.run()
Traceback (most recent call last):
BrokenPipeError: [Errno 32] Broken pipe
  File "/usr/lib/python3.10/multiprocessing/process.py", line 108, in run
    self._target(*self._args, **self._kwargs)
  File "/usr/lib/python3.10/multiprocessing/pool.py", line 136, in worker
    put((job, i, (False, wrapped)))

During handling of the above exception, another exception occurred:

  File "/usr/lib/python3.10/multiprocessing/queues.py", line 377, in put
    self._writer.send_bytes(obj)
Traceback (most recent call last):
  File "/usr/lib/python3.10/multiprocessing/connection.py", line 200, in send_bytes
    self._send_bytes(m[offset:offset + size])
  File "/usr/lib/python3.10/multiprocessing/process.py", line 314, in _bootstrap
    self.run()
  File "/usr/lib/python3.10/multiprocessing/pool.py", line 131, in worker
    put((job, i, result))
  File "/usr/lib/python3.10/multiprocessing/connection.py", line 411, in _send_bytes
    self._send(header + buf)
  File "/usr/lib/python3.10/multiprocessing/process.py", line 108, in run
    self._target(*self._args, **self._kwargs)
  File "/usr/lib/python3.10/multiprocessing/process.py", line 314, in _bootstrap
    self.run()
  File "/usr/lib/python3.10/multiprocessing/connection.py", line 368, in _send
    n = write(self._handle, buf)
  File "/usr/lib/python3.10/multiprocessing/queues.py", line 377, in put
    self._writer.send_bytes(obj)
  File "/usr/lib/python3.10/multiprocessing/process.py", line 108, in run
    self._target(*self._args, **self._kwargs)
  File "/usr/lib/python3.10/multiprocessing/pool.py", line 136, in worker
    put((job, i, (False, wrapped)))
BrokenPipeError: [Errno 32] Broken pipe
  File "/usr/lib/python3.10/multiprocessing/connection.py", line 200, in send_bytes
    self._send_bytes(m[offset:offset + size])
  File "/usr/lib/python3.10/multiprocessing/queues.py", line 377, in put
    self._writer.send_bytes(obj)
  File "/usr/lib/python3.10/multiprocessing/pool.py", line 136, in worker
    put((job, i, (False, wrapped)))
  File "/usr/lib/python3.10/multiprocessing/connection.py", line 411, in _send_bytes
    self._send(header + buf)
  File "/usr/lib/python3.10/multiprocessing/connection.py", line 200, in send_bytes
    self._send_bytes(m[offset:offset + size])
  File "/usr/lib/python3.10/multiprocessing/queues.py", line 377, in put
    self._writer.send_bytes(obj)
  File "/usr/lib/python3.10/multiprocessing/connection.py", line 368, in _send
    n = write(self._handle, buf)
  File "/usr/lib/python3.10/multiprocessing/connection.py", line 411, in _send_bytes
    self._send(header + buf)
  File "/usr/lib/python3.10/multiprocessing/connection.py", line 200, in send_bytes
    self._send_bytes(m[offset:offset + size])
  File "/usr/lib/python3.10/multiprocessing/connection.py", line 368, in _send
    n = write(self._handle, buf)
BrokenPipeError: [Errno 32] Broken pipe
  File "/usr/lib/python3.10/multiprocessing/connection.py", line 411, in _send_bytes
    self._send(header + buf)
  File "/usr/lib/python3.10/multiprocessing/connection.py", line 368, in _send
    n = write(self._handle, buf)
BrokenPipeError: [Errno 32] Broken pipe

During handling of the above exception, another exception occurred:

Traceback (most recent call last):
BrokenPipeError: [Errno 32] Broken pipe
  File "/usr/lib/python3.10/multiprocessing/process.py", line 314, in _bootstrap
    self.run()
  File "/usr/lib/python3.10/multiprocessing/process.py", line 108, in run
    self._target(*self._args, **self._kwargs)
  File "/usr/lib/python3.10/multiprocessing/pool.py", line 136, in worker
    put((job, i, (False, wrapped)))
  File "/usr/lib/python3.10/multiprocessing/queues.py", line 377, in put
    self._writer.send_bytes(obj)
  File "/usr/lib/python3.10/multiprocessing/connection.py", line 200, in send_bytes
    self._send_bytes(m[offset:offset + size])
  File "/usr/lib/python3.10/multiprocessing/connection.py", line 411, in _send_bytes
    self._send(header + buf)
  File "/usr/lib/python3.10/multiprocessing/connection.py", line 368, in _send
    n = write(self._handle, buf)
BrokenPipeError: [Errno 32] Broken pipe
Traceback (most recent call last):
Process ForkPoolWorker-32:
  File "/usr/lib/python3.10/multiprocessing/pool.py", line 131, in worker
    put((job, i, result))
Process ForkPoolWorker-18:
  File "/usr/lib/python3.10/multiprocessing/queues.py", line 377, in put
    self._writer.send_bytes(obj)
  File "/usr/lib/python3.10/multiprocessing/connection.py", line 200, in send_bytes
    self._send_bytes(m[offset:offset + size])
Process ForkPoolWorker-25:
  File "/usr/lib/python3.10/multiprocessing/connection.py", line 411, in _send_bytes
    self._send(header + buf)
  File "/usr/lib/python3.10/multiprocessing/connection.py", line 368, in _send
    n = write(self._handle, buf)
Process ForkPoolWorker-26:
BrokenPipeError: [Errno 32] Broken pipe

During handling of the above exception, another exception occurred:

Traceback (most recent call last):
  File "/usr/lib/python3.10/multiprocessing/process.py", line 314, in _bootstrap
    self.run()
  File "/usr/lib/python3.10/multiprocessing/process.py", line 108, in run
    self._target(*self._args, **self._kwargs)
  File "/usr/lib/python3.10/multiprocessing/pool.py", line 136, in worker
    put((job, i, (False, wrapped)))
  File "/usr/lib/python3.10/multiprocessing/queues.py", line 377, in put
    self._writer.send_bytes(obj)
  File "/usr/lib/python3.10/multiprocessing/connection.py", line 200, in send_bytes
    self._send_bytes(m[offset:offset + size])
  File "/usr/lib/python3.10/multiprocessing/connection.py", line 411, in _send_bytes
    self._send(header + buf)
  File "/usr/lib/python3.10/multiprocessing/connection.py", line 368, in _send
    n = write(self._handle, buf)
BrokenPipeError: [Errno 32] Broken pipe
Traceback (most recent call last):
Traceback (most recent call last):
Traceback (most recent call last):
  File "/usr/lib/python3.10/multiprocessing/pool.py", line 131, in worker
    put((job, i, result))
  File "/usr/lib/python3.10/multiprocessing/queues.py", line 377, in put
    self._writer.send_bytes(obj)
  File "/usr/lib/python3.10/multiprocessing/connection.py", line 200, in send_bytes
    self._send_bytes(m[offset:offset + size])
  File "/usr/lib/python3.10/multiprocessing/pool.py", line 131, in worker
    put((job, i, result))
  File "/usr/lib/python3.10/multiprocessing/connection.py", line 411, in _send_bytes
    self._send(header + buf)
  File "/usr/lib/python3.10/multiprocessing/queues.py", line 377, in put
    self._writer.send_bytes(obj)
Traceback (most recent call last):
  File "/usr/lib/python3.10/multiprocessing/connection.py", line 368, in _send
    n = write(self._handle, buf)
  File "/usr/lib/python3.10/multiprocessing/pool.py", line 131, in worker
    put((job, i, result))
  File "/usr/lib/python3.10/multiprocessing/queues.py", line 377, in put
    self._writer.send_bytes(obj)
BrokenPipeError: [Errno 32] Broken pipe
  File "/usr/lib/python3.10/multiprocessing/pool.py", line 131, in worker
    put((job, i, result))
  File "/usr/lib/python3.10/multiprocessing/queues.py", line 377, in put
    self._writer.send_bytes(obj)
  File "/usr/lib/python3.10/multiprocessing/connection.py", line 200, in send_bytes
    self._send_bytes(m[offset:offset + size])
  File "/usr/lib/python3.10/multiprocessing/connection.py", line 411, in _send_bytes
    self._send(header + buf)
  File "/usr/lib/python3.10/multiprocessing/connection.py", line 368, in _send
    n = write(self._handle, buf)
BrokenPipeError: [Errno 32] Broken pipe

During handling of the above exception, another exception occurred:

Traceback (most recent call last):
  File "/usr/lib/python3.10/multiprocessing/process.py", line 314, in _bootstrap
    self.run()
  File "/usr/lib/python3.10/multiprocessing/process.py", line 108, in run
    self._target(*self._args, **self._kwargs)
  File "/usr/lib/python3.10/multiprocessing/connection.py", line 200, in send_bytes
    self._send_bytes(m[offset:offset + size])
  File "/usr/lib/python3.10/multiprocessing/pool.py", line 136, in worker
    put((job, i, (False, wrapped)))
  File "/usr/lib/python3.10/multiprocessing/queues.py", line 377, in put
    self._writer.send_bytes(obj)
  File "/usr/lib/python3.10/multiprocessing/connection.py", line 200, in send_bytes
    self._send_bytes(m[offset:offset + size])
  File "/usr/lib/python3.10/multiprocessing/connection.py", line 411, in _send_bytes
    self._send(header + buf)
  File "/usr/lib/python3.10/multiprocessing/connection.py", line 368, in _send
    n = write(self._handle, buf)
Process ForkPoolWorker-4:
BrokenPipeError: [Errno 32] Broken pipe
  File "/usr/lib/python3.10/multiprocessing/connection.py", line 411, in _send_bytes
    self._send(header + buf)
  File "/usr/lib/python3.10/multiprocessing/connection.py", line 368, in _send
    n = write(self._handle, buf)
Process ForkPoolWorker-3:
BrokenPipeError: [Errno 32] Broken pipe

During handling of the above exception, another exception occurred:

Traceback (most recent call last):
  File "/usr/lib/python3.10/multiprocessing/process.py", line 314, in _bootstrap
    self.run()
  File "/usr/lib/python3.10/multiprocessing/process.py", line 108, in run
    self._target(*self._args, **self._kwargs)
  File "/usr/lib/python3.10/multiprocessing/pool.py", line 136, in worker
    put((job, i, (False, wrapped)))
  File "/usr/lib/python3.10/multiprocessing/queues.py", line 377, in put
    self._writer.send_bytes(obj)
  File "/usr/lib/python3.10/multiprocessing/connection.py", line 200, in send_bytes
    self._send_bytes(m[offset:offset + size])
  File "/usr/lib/python3.10/multiprocessing/connection.py", line 411, in _send_bytes
    self._send(header + buf)
  File "/usr/lib/python3.10/multiprocessing/connection.py", line 368, in _send
    n = write(self._handle, buf)
BrokenPipeError: [Errno 32] Broken pipe
Process ForkPoolWorker-15:
Process ForkPoolWorker-8:
Process ForkPoolWorker-30:
Process ForkPoolWorker-17:
  File "/usr/lib/python3.10/multiprocessing/connection.py", line 200, in send_bytes
    self._send_bytes(m[offset:offset + size])
  File "/usr/lib/python3.10/multiprocessing/connection.py", line 411, in _send_bytes
    self._send(header + buf)
  File "/usr/lib/python3.10/multiprocessing/connection.py", line 368, in _send
    n = write(self._handle, buf)

During handling of the above exception, another exception occurred:

BrokenPipeError: [Errno 32] Broken pipe
Traceback (most recent call last):

During handling of the above exception, another exception occurred:

Traceback (most recent call last):
  File "/usr/lib/python3.10/multiprocessing/process.py", line 314, in _bootstrap
    self.run()
  File "/usr/lib/python3.10/multiprocessing/process.py", line 108, in run
    self._target(*self._args, **self._kwargs)
  File "/usr/lib/python3.10/multiprocessing/pool.py", line 136, in worker
    put((job, i, (False, wrapped)))
  File "/usr/lib/python3.10/multiprocessing/queues.py", line 377, in put
    self._writer.send_bytes(obj)
  File "/usr/lib/python3.10/multiprocessing/connection.py", line 200, in send_bytes
    self._send_bytes(m[offset:offset + size])
  File "/usr/lib/python3.10/multiprocessing/connection.py", line 411, in _send_bytes
    self._send(header + buf)
  File "/usr/lib/python3.10/multiprocessing/connection.py", line 368, in _send
    n = write(self._handle, buf)
  File "/usr/lib/python3.10/multiprocessing/process.py", line 314, in _bootstrap
    self.run()
  File "/usr/lib/python3.10/multiprocessing/process.py", line 108, in run
    self._target(*self._args, **self._kwargs)
BrokenPipeError: [Errno 32] Broken pipe
  File "/usr/lib/python3.10/multiprocessing/pool.py", line 136, in worker
    put((job, i, (False, wrapped)))
  File "/usr/lib/python3.10/multiprocessing/queues.py", line 377, in put
    self._writer.send_bytes(obj)
  File "/usr/lib/python3.10/multiprocessing/connection.py", line 200, in send_bytes
    self._send_bytes(m[offset:offset + size])
  File "/usr/lib/python3.10/multiprocessing/connection.py", line 411, in _send_bytes
    self._send(header + buf)
  File "/usr/lib/python3.10/multiprocessing/connection.py", line 368, in _send
    n = write(self._handle, buf)
BrokenPipeError: [Errno 32] Broken pipe
Traceback (most recent call last):
  File "/usr/lib/python3.10/multiprocessing/pool.py", line 131, in worker
    put((job, i, result))
  File "/usr/lib/python3.10/multiprocessing/queues.py", line 377, in put
    self._writer.send_bytes(obj)
  File "/usr/lib/python3.10/multiprocessing/connection.py", line 200, in send_bytes
    self._send_bytes(m[offset:offset + size])
  File "/usr/lib/python3.10/multiprocessing/connection.py", line 411, in _send_bytes
    self._send(header + buf)
  File "/usr/lib/python3.10/multiprocessing/connection.py", line 368, in _send
    n = write(self._handle, buf)
BrokenPipeError: [Errno 32] Broken pipe

During handling of the above exception, another exception occurred:

Traceback (most recent call last):
  File "/usr/lib/python3.10/multiprocessing/process.py", line 314, in _bootstrap
    self.run()
  File "/usr/lib/python3.10/multiprocessing/process.py", line 108, in run
    self._target(*self._args, **self._kwargs)
  File "/usr/lib/python3.10/multiprocessing/pool.py", line 136, in worker
    put((job, i, (False, wrapped)))
  File "/usr/lib/python3.10/multiprocessing/queues.py", line 377, in put
    self._writer.send_bytes(obj)
  File "/usr/lib/python3.10/multiprocessing/connection.py", line 200, in send_bytes
    self._send_bytes(m[offset:offset + size])
  File "/usr/lib/python3.10/multiprocessing/connection.py", line 411, in _send_bytes
    self._send(header + buf)
  File "/usr/lib/python3.10/multiprocessing/connection.py", line 368, in _send
    n = write(self._handle, buf)
BrokenPipeError: [Errno 32] Broken pipe
Traceback (most recent call last):
  File "/usr/lib/python3.10/multiprocessing/pool.py", line 131, in worker
    put((job, i, result))
  File "/usr/lib/python3.10/multiprocessing/queues.py", line 377, in put
    self._writer.send_bytes(obj)
  File "/usr/lib/python3.10/multiprocessing/connection.py", line 200, in send_bytes
    self._send_bytes(m[offset:offset + size])
  File "/usr/lib/python3.10/multiprocessing/connection.py", line 411, in _send_bytes
    self._send(header + buf)
  File "/usr/lib/python3.10/multiprocessing/connection.py", line 368, in _send
    n = write(self._handle, buf)
BrokenPipeError: [Errno 32] Broken pipe

During handling of the above exception, another exception occurred:

Traceback (most recent call last):
  File "/usr/lib/python3.10/multiprocessing/process.py", line 314, in _bootstrap
    self.run()
  File "/usr/lib/python3.10/multiprocessing/process.py", line 108, in run
    self._target(*self._args, **self._kwargs)
  File "/usr/lib/python3.10/multiprocessing/pool.py", line 136, in worker
    put((job, i, (False, wrapped)))
  File "/usr/lib/python3.10/multiprocessing/queues.py", line 377, in put
    self._writer.send_bytes(obj)
  File "/usr/lib/python3.10/multiprocessing/connection.py", line 200, in send_bytes
    self._send_bytes(m[offset:offset + size])
  File "/usr/lib/python3.10/multiprocessing/connection.py", line 411, in _send_bytes
    self._send(header + buf)
  File "/usr/lib/python3.10/multiprocessing/connection.py", line 368, in _send
    n = write(self._handle, buf)
BrokenPipeError: [Errno 32] Broken pipe
Traceback (most recent call last):
Traceback (most recent call last):
Traceback (most recent call last):
  File "/usr/lib/python3.10/multiprocessing/pool.py", line 131, in worker
    put((job, i, result))
Traceback (most recent call last):
  File "/usr/lib/python3.10/multiprocessing/queues.py", line 377, in put
    self._writer.send_bytes(obj)
  File "/usr/lib/python3.10/multiprocessing/connection.py", line 200, in send_bytes
    self._send_bytes(m[offset:offset + size])
  File "/usr/lib/python3.10/multiprocessing/connection.py", line 411, in _send_bytes
    self._send(header + buf)
  File "/usr/lib/python3.10/multiprocessing/connection.py", line 368, in _send
    n = write(self._handle, buf)
BrokenPipeError: [Errno 32] Broken pipe

During handling of the above exception, another exception occurred:

Traceback (most recent call last):
  File "/usr/lib/python3.10/multiprocessing/pool.py", line 131, in worker
    put((job, i, result))
  File "/usr/lib/python3.10/multiprocessing/process.py", line 314, in _bootstrap
    self.run()
  File "/usr/lib/python3.10/multiprocessing/process.py", line 108, in run
    self._target(*self._args, **self._kwargs)
  File "/usr/lib/python3.10/multiprocessing/pool.py", line 131, in worker
    put((job, i, result))
  File "/usr/lib/python3.10/multiprocessing/queues.py", line 377, in put
    self._writer.send_bytes(obj)
  File "/usr/lib/python3.10/multiprocessing/pool.py", line 136, in worker
    put((job, i, (False, wrapped)))
  File "/usr/lib/python3.10/multiprocessing/connection.py", line 200, in send_bytes
    self._send_bytes(m[offset:offset + size])
  File "/usr/lib/python3.10/multiprocessing/queues.py", line 377, in put
    self._writer.send_bytes(obj)
  File "/usr/lib/python3.10/multiprocessing/queues.py", line 377, in put
    self._writer.send_bytes(obj)
  File "/usr/lib/python3.10/multiprocessing/pool.py", line 131, in worker
    put((job, i, result))
  File "/usr/lib/python3.10/multiprocessing/connection.py", line 411, in _send_bytes
    self._send(header + buf)
  File "/usr/lib/python3.10/multiprocessing/connection.py", line 200, in send_bytes
    self._send_bytes(m[offset:offset + size])
  File "/usr/lib/python3.10/multiprocessing/connection.py", line 200, in send_bytes
    self._send_bytes(m[offset:offset + size])
  File "/usr/lib/python3.10/multiprocessing/connection.py", line 411, in _send_bytes
    self._send(header + buf)
  File "/usr/lib/python3.10/multiprocessing/queues.py", line 377, in put
    self._writer.send_bytes(obj)
  File "/usr/lib/python3.10/multiprocessing/connection.py", line 368, in _send
    n = write(self._handle, buf)
  File "/usr/lib/python3.10/multiprocessing/connection.py", line 411, in _send_bytes
    self._send(header + buf)
  File "/usr/lib/python3.10/multiprocessing/connection.py", line 368, in _send
    n = write(self._handle, buf)
  File "/usr/lib/python3.10/multiprocessing/connection.py", line 200, in send_bytes
    self._send_bytes(m[offset:offset + size])
  File "/usr/lib/python3.10/multiprocessing/connection.py", line 368, in _send
    n = write(self._handle, buf)
BrokenPipeError: [Errno 32] Broken pipe
BrokenPipeError: [Errno 32] Broken pipe
  File "/usr/lib/python3.10/multiprocessing/connection.py", line 411, in _send_bytes
    self._send(header + buf)
BrokenPipeError: [Errno 32] Broken pipe

During handling of the above exception, another exception occurred:


During handling of the above exception, another exception occurred:

  File "/usr/lib/python3.10/multiprocessing/connection.py", line 368, in _send
    n = write(self._handle, buf)
Traceback (most recent call last):
Traceback (most recent call last):
BrokenPipeError: [Errno 32] Broken pipe

During handling of the above exception, another exception occurred:

Traceback (most recent call last):
  File "/usr/lib/python3.10/multiprocessing/process.py", line 314, in _bootstrap
    self.run()
  File "/usr/lib/python3.10/multiprocessing/process.py", line 314, in _bootstrap
    self.run()
  File "/usr/lib/python3.10/multiprocessing/process.py", line 108, in run
    self._target(*self._args, **self._kwargs)
  File "/usr/lib/python3.10/multiprocessing/process.py", line 108, in run
    self._target(*self._args, **self._kwargs)
  File "/usr/lib/python3.10/multiprocessing/pool.py", line 136, in worker
    put((job, i, (False, wrapped)))
  File "/usr/lib/python3.10/multiprocessing/pool.py", line 136, in worker
    put((job, i, (False, wrapped)))
  File "/usr/lib/python3.10/multiprocessing/process.py", line 314, in _bootstrap
    self.run()
  File "/usr/lib/python3.10/multiprocessing/queues.py", line 377, in put
    self._writer.send_bytes(obj)
  File "/usr/lib/python3.10/multiprocessing/queues.py", line 377, in put
    self._writer.send_bytes(obj)
  File "/usr/lib/python3.10/multiprocessing/process.py", line 108, in run
    self._target(*self._args, **self._kwargs)
  File "/usr/lib/python3.10/multiprocessing/connection.py", line 200, in send_bytes
    self._send_bytes(m[offset:offset + size])
  File "/usr/lib/python3.10/multiprocessing/connection.py", line 200, in send_bytes
    self._send_bytes(m[offset:offset + size])
  File "/usr/lib/python3.10/multiprocessing/pool.py", line 136, in worker
    put((job, i, (False, wrapped)))
  File "/usr/lib/python3.10/multiprocessing/connection.py", line 411, in _send_bytes
    self._send(header + buf)
  File "/usr/lib/python3.10/multiprocessing/connection.py", line 411, in _send_bytes
    self._send(header + buf)
  File "/usr/lib/python3.10/multiprocessing/queues.py", line 377, in put
    self._writer.send_bytes(obj)
  File "/usr/lib/python3.10/multiprocessing/connection.py", line 368, in _send
    n = write(self._handle, buf)
  File "/usr/lib/python3.10/multiprocessing/connection.py", line 368, in _send
    n = write(self._handle, buf)
  File "/usr/lib/python3.10/multiprocessing/connection.py", line 200, in send_bytes
    self._send_bytes(m[offset:offset + size])
BrokenPipeError: [Errno 32] Broken pipe
BrokenPipeError: [Errno 32] Broken pipe
  File "/usr/lib/python3.10/multiprocessing/connection.py", line 411, in _send_bytes
    self._send(header + buf)
  File "/usr/lib/python3.10/multiprocessing/connection.py", line 368, in _send
    n = write(self._handle, buf)
BrokenPipeError: [Errno 32] Broken pipe
